{"signName":"kunvip"} | 04/07 6:21:25 am
{"signName":"kunvip"} | 04/07 6:21:27 am
{"user":{"update_device":{"is_browser":true,"os":"Windows"},"ip":"59.153.241.67"}} | 04/07 6:21:28 am
{"user":{"update_device":{"is_browser":true,"os":"Windows"},"ip":"59.153.241.67"}} | 04/07 6:21:28 am
{"taixiu":{"view":true,"getLogs":true}} | 04/07 6:21:30 am
{"user":{"update_device":{"is_browser":true,"os":"Windows"},"ip":"59.153.241.67"}} | 04/07 6:21:31 am
{"user":{"update_device":{"is_browser":true,"os":"Windows"},"ip":"59.153.241.67"}} | 04/07 6:21:32 am
{"taixiu":{"view":false}} | 04/07 6:23:50 am
{"user":{"update_device":{"is_browser":true,"os":"Windows"},"ip":"59.153.241.67"}} | 04/07 6:23:59 am
{"user":{"update_device":{"is_browser":true,"os":"Windows"},"ip":"59.153.241.67"}} | 04/07 6:24:00 am
{"taixiu":{"view":true,"getLogs":true}} | 04/07 6:24:02 am
{"taixiu":{"view":false}} | 04/07 6:24:03 am
{"user":{"update_device":{"is_browser":true,"os":"Windows"},"ip":"59.153.241.67"}} | 04/07 6:24:05 am
{"user":{"update_device":{"is_browser":true,"os":"Windows"},"ip":"59.153.241.67"}} | 04/07 6:24:05 am
{"user":{"signOut":true}} | 04/07 6:24:09 am
{"taixiu":{"view":true}} | 04/07 6:26:40 am
{"taixiu":{"cuoc":{"red":true,"taixiu":true,"select":false,"bet":150000}}} | 04/07 6:26:42 am
{"user":{"updateCoint":true}} | 04/07 6:26:42 am
{"taixiu":{"cuoc":{"red":true,"taixiu":true,"select":false,"bet":50000}}} | 04/07 6:27:10 am
{"user":{"updateCoint":true}} | 04/07 6:27:10 am
{"taixiu":{"get_new":true}} | 04/07 6:27:59 am
{"taixiu":{"cuoc":{"red":true,"taixiu":true,"select":false,"bet":10000000}}} | 04/07 6:39:50 am
{"user":{"updateCoint":true}} | 04/07 6:39:50 am
{"taixiu":{"cuoc":{"red":true,"taixiu":true,"select":false,"bet":5000}}} | 04/07 6:39:54 am
{"user":{"updateCoint":true}} | 04/07 6:39:54 am
{"taixiu":{"cuoc":{"red":true,"taixiu":true,"select":true,"bet":10000}}} | 04/07 6:40:33 am
{"user":{"updateCoint":true}} | 04/07 6:40:33 am
{"taixiu":{"get_new":true}} | 04/07 6:40:53 am
{"taixiu":{"get_new":true}} | 04/07 6:41:44 am
{"taixiu":{"cuoc":{"red":true,"taixiu":true,"select":true,"bet":10000}}} | 04/07 6:42:22 am
{"user":{"updateCoint":true}} | 04/07 6:42:22 am
{"taixiu":{"get_new":true}} | 04/07 6:43:13 am
{"taixiu":{"cuoc":{"red":true,"taixiu":true,"select":true,"bet":10000}}} | 04/07 6:47:23 am
{"user":{"updateCoint":true}} | 04/07 6:47:23 am
{"taixiu":{"get_new":true}} | 04/07 6:48:32 am
{"g":{"casino":{"getBalance":true}}} | 04/07 6:50:04 am
{"g":{"casino":{"getPlayData":{"platform":"desktop"}}}} | 04/07 6:50:04 am
{"taixiu":{"cuoc":{"red":true,"taixiu":true,"select":false,"bet":10000}}} | 04/07 6:50:06 am
{"user":{"updateCoint":true}} | 04/07 6:50:06 am
{"taixiu":{"get_new":true}} | 04/07 6:51:08 am
{"taixiu":{"cuoc":{"red":true,"taixiu":true,"select":false,"bet":50000}}} | 04/07 6:52:03 am
{"user":{"updateCoint":true}} | 04/07 6:52:03 am
{"taixiu":{"get_new":true}} | 04/07 6:53:15 am
{"taixiu":{"cuoc":{"red":true,"taixiu":true,"select":false,"bet":50000}}} | 04/07 6:55:06 am
{"user":{"updateCoint":true}} | 04/07 6:55:06 am
{"taixiu":{"cuoc":{"red":true,"taixiu":true,"select":false,"bet":50000}}} | 04/07 6:56:01 am
{"user":{"updateCoint":true}} | 04/07 6:56:01 am
{"taixiu":{"get_new":true}} | 04/07 6:56:06 am
{"taixiu":{"get_new":true}} | 04/07 6:57:10 am
{"taixiu":{"cuoc":{"red":true,"taixiu":true,"select":false,"bet":10000}}} | 04/07 6:57:39 am
{"user":{"updateCoint":true}} | 04/07 6:57:39 am
{"taixiu":{"get_new":true}} | 04/07 6:58:41 am
{"taixiu":{"cuoc":{"red":true,"taixiu":true,"select":false,"bet":50000}}} | 04/07 6:59:03 am
{"user":{"updateCoint":true}} | 04/07 6:59:03 am
{"taixiu":{"cuoc":{"red":true,"taixiu":true,"select":false,"bet":50000}}} | 04/07 6:59:43 am
{"user":{"updateCoint":true}} | 04/07 6:59:43 am
{"taixiu":{"get_new":true}} | 04/07 7:00:03 am
