{"signName":"game2222"} | 05/08 1:49:28 am
{"user":{"update_device":{"is_browser":true,"os":"Windows"},"ip":"42.119.10.6"}} | 05/08 1:49:29 am
{"user":{"update_device":{"is_browser":true,"os":"Windows"},"ip":"42.119.10.6"}} | 05/08 1:49:29 am
{"taixiu":{"view":true,"getLogs":true}} | 05/08 1:49:49 am
{"taixiu":{"view":false}} | 05/08 1:49:54 am
{"scene":"momo"} | 05/08 1:49:54 am
{"scene":"home"} | 05/08 1:50:05 am
{"scene":"xo_so"} | 05/08 1:50:07 am
{"g":{"xs":{"mb":{"kq":"05/08/2022"}}}} | 05/08 1:50:07 am
{"g":{"xs":{"mb":{"kq":"04/08/2022"}}}} | 05/08 1:50:08 am
{"g":{"xs":{"mb":{"kq":"03/08/2022"}}}} | 05/08 1:50:08 am
{"g":{"xs":{"mb":{"kq":"02/08/2022"}}}} | 05/08 1:50:08 am
{"g":{"xs":{"mb":{"kq":"01/08/2022"}}}} | 05/08 1:50:08 am
{"scene":"home"} | 05/08 1:50:10 am
{"g":{"reg":"RongHo"}} | 05/08 1:50:16 am
{"scene":"rongho","g":{"rongho":{"ingame":true}}} | 05/08 1:50:16 am
{"g":{"rongho":{"outgame":true}}} | 05/08 1:50:20 am
{"scene":"home"} | 05/08 1:50:20 am
{"taixiu":{"view":true}} | 05/08 1:50:22 am
{"taixiu":{"view":false}} | 05/08 1:50:36 am
{"shop":{"bank":{"list":true}}} | 05/08 1:50:37 am
{"shop":{"bank":{"list":true}}} | 05/08 1:50:37 am
{"captcha":"chargeCard"} | 05/08 1:50:44 am
{"shop":{"info_nap":true}} | 05/08 1:50:44 am
{"shop":{"wallet":{"gate":"momo"}}} | 05/08 1:50:46 am
{"g":{"casino":{"getBalance":true}}} | 05/08 1:50:54 am
{"g":{"casino":{"getPlayData":{"platform":"desktop"}}}} | 05/08 1:50:54 am
{"scene":"bc"} | 05/08 1:51:17 am
{"g":{"fish":{"reg":{"room":"1","balans":"50000"}}}} | 05/08 1:51:20 am
{"scene":"home"} | 05/08 1:51:22 am
{"message":{"update":true}} | 05/08 1:51:25 am
{"message":{"view":"62ec14b8a5805412845eb4e5"}} | 05/08 1:51:26 am
{"shop":{"bank":{"list":true}}} | 05/08 1:51:28 am
{"shop":{"bank":{"list":true}}} | 05/08 1:51:28 am
{"taixiu":{"view":true}} | 05/08 1:51:30 am
{"taixiu":{"view":false}} | 05/08 1:51:34 am
{"scene":"vq_red"} | 05/08 1:51:39 am
{"scene":"home"} | 05/08 1:51:41 am
{"taixiu":{"view":true}} | 05/08 1:51:46 am
{"taixiu":{"view":false}} | 05/08 1:51:48 am
{"captcha":"giftcode"} | 05/08 1:51:49 am
{"user":{"getLevel":true}} | 05/08 1:51:50 am
{"captcha":"regOTP"} | 05/08 1:51:50 am
{"user":{"history":{"nap_red":{"page":1}}}} | 05/08 1:51:52 am
{"user":{"getLevel":true}} | 05/08 1:51:52 am
{"user":{"update_device":{"is_browser":true,"os":"Windows"},"ip":"113.23.26.125"}} | 19/08 6:17:40 pm
{"user":{"update_device":{"is_browser":true,"os":"Windows"},"ip":"113.23.26.125"}} | 19/08 6:17:41 pm
{"shop":{"bank":{"list":true}}} | 19/08 6:17:46 pm
{"shop":{"bank":{"list":true}}} | 19/08 6:17:46 pm
{"captcha":"chargeCard"} | 19/08 6:17:48 pm
{"shop":{"info_nap":true}} | 19/08 6:17:48 pm
{"shop":{"bank":{"list":true}}} | 19/08 6:17:49 pm
{"captcha":"chargeCard"} | 19/08 6:17:54 pm
{"shop":{"wallet":{"gate":"momo"}}} | 19/08 6:17:55 pm
{"taixiu":{"view":true,"getLogs":true}} | 19/08 6:18:04 pm
{"taixiu":{"view":false}} | 19/08 6:18:15 pm
{"g":{"casino":{"getBalance":true}}} | 19/08 6:18:16 pm
{"g":{"casino":{"getPlayData":{"platform":"desktop"}}}} | 19/08 6:18:16 pm
{"scene":"momo"} | 19/08 6:18:21 pm
{"scene":"home"} | 19/08 6:18:26 pm
{"scene":"xo_so"} | 19/08 6:18:28 pm
{"g":{"xs":{"mb":{"kq":"19/08/2022"}}}} | 19/08 6:18:28 pm
{"g":{"xs":{"mb":{"kq":"18/08/2022"}}}} | 19/08 6:18:29 pm
{"g":{"xs":{"mb":{"kq":"17/08/2022"}}}} | 19/08 6:18:30 pm
{"g":{"xs":{"mb":{"kq":"16/08/2022"}}}} | 19/08 6:18:30 pm
{"g":{"xs":{"mb":{"kq":"17/08/2022"}}}} | 19/08 6:18:32 pm
{"g":{"xs":{"mb":{"kq":"18/08/2022"}}}} | 19/08 6:18:32 pm
{"scene":"home"} | 19/08 6:18:36 pm
{"scene":"royal"} | 19/08 6:18:50 pm
{"g":{"royal":{"spin":{"cuoc":"100","red":true,"line":[1,2,3,4,5,6,7,8,9,10,11,12,13,14,15,16,17,18,19,20]}}}} | 19/08 6:18:53 pm
{"g":{"royal":{"spin":{"cuoc":"100","red":true,"line":[1,2,3,4,5,6,7,8,9,10,11,12,13,14,15,16,17,18,19,20]}}}} | 19/08 6:18:53 pm
{"g":{"royal":{"spin":{"cuoc":"100","red":true,"line":[1,2,3,4,5,6,7,8,9,10,11,12,13,14,15,16,17,18,19,20]}}}} | 19/08 6:18:54 pm
{"g":{"royal":{"spin":{"cuoc":"100","red":true,"line":[1,2,3,4,5,6,7,8,9,10,11,12,13,14,15,16,17,18,19,20]}}}} | 19/08 6:18:54 pm
{"g":{"royal":{"spin":{"cuoc":"100","red":true,"line":[1,2,3,4,5,6,7,8,9,10,11,12,13,14,15,16,17,18,19,20]}}}} | 19/08 6:18:54 pm
{"scene":"home"} | 19/08 6:19:00 pm
{"g":{"reg":"RongHo"}} | 19/08 6:19:06 pm
{"scene":"rongho","g":{"rongho":{"ingame":true}}} | 19/08 6:19:06 pm
{"g":{"rongho":{"cuoc":{"red":true,"cuoc":1000,"box":{"red":{"rong":0,"ho":0,"hoa":0,"ro":0,"co":0,"bich":1000,"tep":0}}}}}} | 19/08 6:19:10 pm
{"g":{"rongho":{"outgame":true}}} | 19/08 6:19:12 pm
{"scene":"home"} | 19/08 6:19:12 pm
{"nhiemvu":100} | 19/08 6:19:15 pm
{"shop":{"bank":{"list":true}}} | 19/08 6:19:17 pm
{"shop":{"bank":{"list":true}}} | 19/08 6:19:17 pm
{"shop":{"info_mua":true}} | 19/08 6:19:25 pm
{"otp":{"type":1}} | 19/08 6:19:29 pm
{"user":{"getLevel":true}} | 19/08 6:19:31 pm
{"captcha":"regOTP"} | 19/08 6:19:31 pm
