{"signName":"jgjggj8868"} | 14/10 7:35:12 pm
{"user":{"update_device":{"is_browser":true,"os":"Windows"},"ip":"116.97.73.232"}} | 14/10 7:35:13 pm
{"user":{"update_device":{"is_browser":true,"os":"Windows"},"ip":"116.97.73.232"}} | 14/10 7:35:13 pm
{"scene":"xo_so"} | 14/10 7:35:15 pm
{"g":{"xs":{"mb":{"kq":"14/10/2022"}}}} | 14/10 7:35:15 pm
{"g":{"xs":{"mb":{"kq":"13/10/2022"}}}} | 14/10 7:35:17 pm
{"scene":"home"} | 14/10 7:35:18 pm
{"taixiu":{"view":true,"getLogs":true}} | 14/10 7:35:22 pm
{"shop":{"get_daily":true}} | 14/10 7:35:24 pm
{"taixiu":{"getLogChat":true}} | 14/10 7:35:24 pm
{"taixiu":{"view":false}} | 14/10 7:35:28 pm
{"g":{"reg":"RongHo"}} | 14/10 7:35:39 pm
{"scene":"rongho","g":{"rongho":{"ingame":true}}} | 14/10 7:35:39 pm
{"g":{"rongho":{"log":{"red":true,"page":1}}}} | 14/10 7:35:56 pm
{"g":{"rongho":{"outgame":true}}} | 14/10 7:35:59 pm
{"scene":"home"} | 14/10 7:35:59 pm
{"g":{"casino":{"getBalance":true}}} | 14/10 7:36:00 pm
{"g":{"casino":{"getPlayData":{"platform":"desktop"}}}} | 14/10 7:36:00 pm
{"scene":"momo"} | 14/10 7:36:09 pm
{"scene":"home"} | 14/10 7:36:24 pm
{"g":{"baucua":{"view":true,"regOpen":true}}} | 14/10 7:36:27 pm
{"g":{"baucua":{"view":false}}} | 14/10 7:36:28 pm
{"g":{"reg":"XocXoc"}} | 14/10 7:36:30 pm
{"scene":"Xocxoc","g":{"xocxoc":{"ingame":true}}} | 14/10 7:36:30 pm
{"g":{"xocxoc":{"outgame":true}}} | 14/10 7:36:35 pm
{"scene":"home"} | 14/10 7:36:35 pm
{"g":{"caothap":{"play":{"reconnect":true}}}} | 14/10 7:36:45 pm
{"scene":"bc"} | 14/10 7:37:05 pm
{"scene":"home"} | 14/10 7:38:19 pm
