{"signName":"gamedemo"} | 14/10 4:01:19 pm
{"user":{"update_device":{"is_browser":true,"os":"Windows"},"ip":"42.116.181.83"}} | 14/10 4:01:22 pm
{"user":{"update_device":{"is_browser":true,"os":"Windows"},"ip":"42.116.181.83"}} | 14/10 4:01:23 pm
{"shop":{"bank":{"list":true}}} | 14/10 4:01:27 pm
{"shop":{"bank":{"list":true}}} | 14/10 4:01:27 pm
{"captcha":"chargeCard"} | 14/10 4:01:35 pm
{"shop":{"info_nap":true}} | 14/10 4:01:35 pm
{"shop":{"wallet":{"gate":"momo"}}} | 14/10 4:01:35 pm
{"captcha":"chargeCard"} | 14/10 4:01:38 pm
{"shop":{"bank":{"list":true}}} | 14/10 4:01:38 pm
{"captcha":"chargeCard"} | 14/10 4:01:45 pm
{"shop":{"wallet":{"gate":"momo"}}} | 14/10 4:01:46 pm
{"shop":{"bank":{"list":true}}} | 14/10 4:01:49 pm
{"captcha":"giftcode"} | 14/10 4:01:58 pm
{"user":{"x2nap":{"get_process":{"gate":"bank"}}}} | 14/10 4:02:00 pm
{"user":{"x2nap":{"get_process":{"gate":"momo"}}}} | 14/10 4:02:00 pm
{"user":{"x2nap":{"get_process":{"gate":"viettelpay"}}}} | 14/10 4:02:00 pm
{"shop":{"bank":{"list":true}}} | 14/10 4:02:02 pm
{"message":{"update":true}} | 14/10 4:02:03 pm
{"g":{"casino":{"getBalance":true}}} | 14/10 4:02:06 pm
{"g":{"casino":{"getPlayData":{"platform":"desktop"}}}} | 14/10 4:02:06 pm
{"g":{"casino":{"getBalance":true}}} | 14/10 4:02:15 pm
{"g":{"casino":{"getPlayData":{"platform":"desktop"}}}} | 14/10 4:02:15 pm
{"g":{"casino":{"getBalance":true}}} | 14/10 4:02:19 pm
{"g":{"casino":{"getPlayData":{"platform":"desktop"}}}} | 14/10 4:02:19 pm
{"scene":"momo"} | 14/10 4:02:22 pm
{"scene":"home"} | 14/10 4:02:24 pm
{"user":{"getLevel":true}} | 14/10 4:02:24 pm
{"shop":{"info_mua":true}} | 14/10 4:11:02 pm
{"shop":{"bank":{"list":true}}} | 14/10 4:11:06 pm
{"shop":{"bank":{"list":true}}} | 14/10 4:11:06 pm
{"captcha":"chargeCard"} | 14/10 4:11:12 pm
{"shop":{"info_nap":true}} | 14/10 4:11:12 pm
{"shop":{"wallet":{"gate":"momo"}}} | 14/10 4:11:13 pm
{"scene":"momo"} | 14/10 4:11:24 pm
{"scene":"home"} | 14/10 4:11:29 pm
{"taixiu":{"view":true,"getLogs":true}} | 14/10 4:11:31 pm
{"taixiu":{"get_phien":{"phien":76}}} | 14/10 4:11:36 pm
{"taixiu":{"view":false}} | 14/10 4:11:51 pm
{"scene":"candy"} | 14/10 4:12:07 pm
{"scene":"home"} | 14/10 4:12:10 pm
{"g":{"reg":"XocXoc"}} | 14/10 4:12:16 pm
{"scene":"Xocxoc","g":{"xocxoc":{"ingame":true}}} | 14/10 4:12:16 pm
{"g":{"xocxoc":{"outgame":true}}} | 14/10 4:12:54 pm
{"scene":"home"} | 14/10 4:12:55 pm
{"taixiu":{"view":true}} | 14/10 4:13:53 pm
{"taixiu":{"view":false}} | 14/10 4:13:57 pm
{"g":{"reg":"RongHo"}} | 14/10 4:20:06 pm
{"scene":"rongho","g":{"rongho":{"ingame":true}}} | 14/10 4:20:07 pm
{"g":{"rongho":{"outgame":true}}} | 14/10 4:20:48 pm
{"scene":"home"} | 14/10 4:20:48 pm
{"g":{"casino":{"getBalance":true}}} | 14/10 4:20:51 pm
{"g":{"casino":{"getPlayData":{"platform":"desktop"}}}} | 14/10 4:20:51 pm
{"g":{"bacay":{"reg":"100"}}} | 14/10 4:21:01 pm
{"scene":"zeus"} | 14/10 4:21:14 pm
{"scene":"home"} | 14/10 4:21:20 pm
{"scene":"xo_so"} | 14/10 4:21:22 pm
{"g":{"xs":{"mb":{"kq":"14/10/2022"}}}} | 14/10 4:21:22 pm
{"g":{"xs":{"mb":{"kq":"13/10/2022"}}}} | 14/10 4:21:24 pm
{"g":{"xs":{"mb":{"kq":"12/10/2022"}}}} | 14/10 4:21:24 pm
{"g":{"xs":{"mb":{"kq":"11/10/2022"}}}} | 14/10 4:21:24 pm
{"g":{"xs":{"mb":{"kq":"12/10/2022"}}}} | 14/10 4:21:26 pm
{"g":{"xs":{"mb":{"kq":"13/10/2022"}}}} | 14/10 4:21:26 pm
{"scene":"home"} | 14/10 4:21:29 pm
{"scene":"vq_red"} | 14/10 4:21:39 pm
{"scene":"home"} | 14/10 4:21:54 pm
{"g":{"reg":"RongHo"}} | 14/10 4:22:06 pm
{"scene":"rongho","g":{"rongho":{"ingame":true}}} | 14/10 4:22:06 pm
{"g":{"rongho":{"outgame":true}}} | 14/10 4:22:07 pm
{"scene":"home"} | 14/10 4:22:08 pm
{"user":{"update_device":{"is_browser":true,"os":"Windows"},"ip":"42.116.181.83"}} | 14/10 6:30:59 pm
{"user":{"update_device":{"is_browser":true,"os":"Windows"},"ip":"42.116.181.83"}} | 14/10 6:30:59 pm
{"user":{"signOut":true}} | 14/10 6:31:43 pm
