{"signName":"NgocMom9999"} | 14/10 7:09:17 pm
{"user":{"update_device":{"is_browser":true,"os":"Windows"},"ip":"8.39.127.164"}} | 14/10 7:09:18 pm
{"user":{"update_device":{"is_browser":true,"os":"Windows"},"ip":"8.39.127.164"}} | 14/10 7:09:18 pm
{"taixiu":{"view":true,"getLogs":true}} | 14/10 7:09:30 pm
{"taixiu":{"get_top":{"red":true,"taixiu":true}}} | 14/10 7:09:33 pm
{"taixiu":{"get_top":{"red":true,"taixiu":true}}} | 14/10 7:09:34 pm
{"taixiu":{"view":false}} | 14/10 7:09:35 pm
{"shop":{"bank":{"list":true}}} | 14/10 7:09:36 pm
{"shop":{"bank":{"list":true}}} | 14/10 7:09:36 pm
{"captcha":"chargeCard"} | 14/10 7:09:38 pm
{"shop":{"info_nap":true}} | 14/10 7:09:38 pm
{"shop":{"wallet":{"gate":"momo"}}} | 14/10 7:09:39 pm
{"g":{"casino":{"getBalance":true}}} | 14/10 7:10:55 pm
{"g":{"casino":{"getPlayData":{"platform":"desktop"}}}} | 14/10 7:10:55 pm
{"scene":"momo"} | 14/10 7:10:59 pm
{"scene":"home"} | 14/10 7:11:00 pm
{"user":{"x2nap":{"get_process":{"gate":"bank"}}}} | 14/10 7:11:02 pm
{"user":{"x2nap":{"get_process":{"gate":"momo"}}}} | 14/10 7:11:02 pm
{"user":{"x2nap":{"get_process":{"gate":"viettelpay"}}}} | 14/10 7:11:02 pm
{"taixiu":{"view":true}} | 14/10 7:16:15 pm
{"taixiu":{"view":false}} | 14/10 7:16:37 pm
{"shop":{"bank":{"list":true}}} | 14/10 7:16:38 pm
{"shop":{"bank":{"list":true}}} | 14/10 7:16:38 pm
{"captcha":"chargeCard"} | 14/10 7:16:40 pm
{"shop":{"info_nap":true}} | 14/10 7:16:40 pm
{"captcha":"chargeCard"} | 14/10 7:16:41 pm
{"shop":{"bank":{"list":true}}} | 14/10 7:16:42 pm
{"user":{"update_device":{"is_browser":true,"os":"Windows"},"ip":"8.39.127.164"}} | 14/10 7:17:56 pm
{"user":{"update_device":{"is_browser":true,"os":"Windows"},"ip":"8.39.127.164"}} | 14/10 7:17:57 pm
{"taixiu":{"view":true,"getLogs":true}} | 14/10 7:17:57 pm
{"taixiu":{"view":false}} | 14/10 7:17:59 pm
{"shop":{"bank":{"list":true}}} | 14/10 7:18:12 pm
{"shop":{"bank":{"list":true}}} | 14/10 7:18:12 pm
{"shop":{"info_mua":true}} | 14/10 7:18:16 pm
{"g":{"reg":"XocXoc"}} | 14/10 7:18:57 pm
{"scene":"Xocxoc","g":{"xocxoc":{"ingame":true}}} | 14/10 7:18:57 pm
{"g":{"xocxoc":{"outgame":true}}} | 14/10 7:19:00 pm
{"scene":"home"} | 14/10 7:19:00 pm
{"user":{"update_device":{"is_browser":true,"os":"Windows"},"ip":"8.39.127.164"}} | 14/10 10:10:01 pm
{"user":{"update_device":{"is_browser":true,"os":"Windows"},"ip":"8.39.127.164"}} | 14/10 10:10:01 pm
{"scene":"momo"} | 14/10 10:10:32 pm
{"scene":"home"} | 14/10 10:10:33 pm
{"taixiu":{"view":true,"getLogs":true}} | 14/10 10:10:34 pm
{"taixiu":{"get_top":{"red":true,"taixiu":true}}} | 14/10 10:10:54 pm
{"taixiu":{"get_top":{"red":true,"taixiu":true}}} | 14/10 10:10:55 pm
{"taixiu":{"get_top":{"red":true,"taixiu":true}}} | 14/10 10:10:56 pm
{"nhiemvu":100} | 14/10 10:13:30 pm
{"message":{"update":true}} | 14/10 10:13:32 pm
{"user":{"update_device":{"is_browser":true,"os":"Windows"},"ip":"8.21.11.68"}} | 19/10 1:48:17 pm
{"user":{"update_device":{"is_browser":true,"os":"Windows"},"ip":"8.21.11.68"}} | 19/10 1:48:17 pm
{"user":{"x2nap":{"get_process":{"gate":"bank"}}}} | 19/10 1:48:18 pm
{"user":{"x2nap":{"get_process":{"gate":"momo"}}}} | 19/10 1:48:18 pm
{"user":{"x2nap":{"get_process":{"gate":"viettelpay"}}}} | 19/10 1:48:18 pm
{"taixiu":{"view":true,"getLogs":true}} | 19/10 1:48:24 pm
{"taixiu":{"get_top":{"red":true,"taixiu":true}}} | 19/10 1:48:26 pm
{"taixiu":{"get_top":{"red":true,"taixiu":true}}} | 19/10 1:48:27 pm
{"taixiu":{"get_log":{"page":1}}} | 19/10 1:48:28 pm
{"taixiu":{"getLogs":true}} | 19/10 1:48:31 pm
{"taixiu":{"view":false}} | 19/10 1:48:35 pm
{"shop":{"bank":{"list":true}}} | 19/10 1:48:42 pm
{"shop":{"bank":{"list":true}}} | 19/10 1:48:42 pm
{"scene":"momo"} | 19/10 1:48:50 pm
{"scene":"home"} | 19/10 1:48:52 pm
{"shop":{"bank":{"list":true}}} | 19/10 1:50:00 pm
{"shop":{"bank":{"list":true}}} | 19/10 1:50:00 pm
