{"signName":"demotaixiu"} | 14/10 11:42:52 pm
{"user":{"update_device":{"is_browser":true,"os":"Windows"},"ip":"171.224.179.165"}} | 14/10 11:42:53 pm
{"user":{"update_device":{"is_browser":true,"os":"Windows"},"ip":"171.224.179.165"}} | 14/10 11:42:53 pm
{"scene":"momo"} | 14/10 11:42:54 pm
{"scene":"home"} | 14/10 11:42:58 pm
{"g":{"casino":{"getBalance":true}}} | 14/10 11:43:32 pm
{"g":{"casino":{"getPlayData":{"platform":"desktop"}}}} | 14/10 11:43:32 pm
{"message":{"update":true}} | 14/10 11:43:41 pm
{"message":{"view":"6349918cb57ba97275c2719b"}} | 14/10 11:43:42 pm
{"scene":"momo"} | 14/10 11:44:45 pm
{"scene":"home"} | 14/10 11:45:02 pm
{"scene":"xo_so"} | 14/10 11:46:28 pm
{"g":{"xs":{"mb":{"kq":"14/10/2022"}}}} | 14/10 11:46:28 pm
{"scene":"home"} | 14/10 11:46:30 pm
{"g":{"reg":"XocXoc"}} | 14/10 11:46:44 pm
{"scene":"Xocxoc","g":{"xocxoc":{"ingame":true}}} | 14/10 11:46:44 pm
{"g":{"xocxoc":{"outgame":true}}} | 14/10 11:46:58 pm
{"scene":"home"} | 14/10 11:46:58 pm
{"taixiu":{"view":true,"getLogs":true}} | 14/10 11:47:00 pm
{"taixiu":{"view":false}} | 14/10 11:47:02 pm
{"user":{"getLevel":true}} | 14/10 11:47:44 pm
{"captcha":"regOTP"} | 14/10 11:47:44 pm
{"nhiemvu":100} | 14/10 11:47:46 pm
{"scene":"momo"} | 14/10 11:47:50 pm
{"scene":"home"} | 14/10 11:47:56 pm
{"user":{"update_device":{"is_browser":true,"os":"Windows"},"ip":"171.224.179.165"}} | 15/10 12:26:25 am
{"user":{"update_device":{"is_browser":true,"os":"Windows"},"ip":"171.224.179.165"}} | 15/10 12:26:25 am
