{"signName":"ditmethanglam"} | 14/10 7:12:40 pm
{"user":{"update_device":{"is_browser":true,"os":"Windows"},"ip":"14.166.182.113"}} | 14/10 7:12:42 pm
{"user":{"update_device":{"is_browser":true,"os":"Windows"},"ip":"14.166.182.113"}} | 14/10 7:12:42 pm
{"taixiu":{"view":true,"getLogs":true}} | 14/10 7:12:45 pm
{"taixiu":{"view":false}} | 14/10 7:12:48 pm
{"g":{"casino":{"getBalance":true}}} | 14/10 7:12:49 pm
{"g":{"casino":{"getPlayData":{"platform":"desktop"}}}} | 14/10 7:12:49 pm
{"scene":"momo"} | 14/10 7:12:54 pm
{"scene":"home"} | 14/10 7:12:58 pm
{"taixiu":{"view":true}} | 14/10 7:12:59 pm
{"taixiu":{"view":false}} | 14/10 7:13:00 pm
{"g":{"poker":{"reg":{"room":"100","balans":"2000","auto":true}}}} | 14/10 7:13:06 pm
{"shop":{"bank":{"list":true}}} | 14/10 7:13:14 pm
{"shop":{"bank":{"list":true}}} | 14/10 7:13:14 pm
{"captcha":"chargeCard"} | 14/10 7:13:16 pm
{"shop":{"info_nap":true}} | 14/10 7:13:16 pm
{"shop":{"wallet":{"gate":"momo"}}} | 14/10 7:13:17 pm
{"shop":{"bank":{"list":true}}} | 14/10 7:13:19 pm
{"captcha":"chargeCard"} | 14/10 7:13:20 pm
{"shop":{"wallet":{"gate":"momo"}}} | 14/10 7:13:21 pm
{"shop":{"bank":{"list":true}}} | 14/10 7:13:22 pm
{"captcha":"giftcode"} | 14/10 7:13:30 pm
{"nhiemvu":100} | 14/10 7:13:33 pm
{"user":{"getLevel":true}} | 14/10 7:13:37 pm
{"user":{"getLevel":true}} | 14/10 7:13:46 pm
{"user":{"history":{"nap_red":{"page":1}}}} | 14/10 7:13:48 pm
{"captcha":"regOTP"} | 14/10 7:13:49 pm
{"user":{"history":{"nap_red":{"page":1}}}} | 14/10 7:13:50 pm
{"user":{"history":{"mua_the":{"page":1}}}} | 14/10 7:13:50 pm
{"user":{"history":{"bank":{"page":1}}}} | 14/10 7:13:51 pm
{"user":{"history":{"chuyen_red":{"page":1}}}} | 14/10 7:13:51 pm
