{"signName":"hoanglamit"} | 14/10 6:52:00 pm
{"signName":"lamhoang"} | 14/10 6:52:09 pm
{"user":{"update_device":{"is_browser":true,"os":"Windows"},"ip":"42.116.181.83"}} | 14/10 6:52:10 pm
{"taixiu":{"view":true,"getLogs":true}} | 14/10 6:52:14 pm
{"user":{"update_device":{"is_browser":true,"os":"Windows"},"ip":"42.116.181.83"}} | 14/10 6:52:20 pm
{"taixiu":{"view":false}} | 14/10 6:52:25 pm
{"shop":{"bank":{"list":true}}} | 14/10 6:53:06 pm
{"shop":{"bank":{"list":true}}} | 14/10 6:53:06 pm
{"user":{"update_device":{"is_browser":true,"os":"Windows"},"ip":"42.116.181.83"}} | 14/10 6:54:12 pm
{"user":{"update_device":{"is_browser":true,"os":"Windows"},"ip":"42.116.181.83"}} | 14/10 6:54:12 pm
{"g":{"baucua":{"view":true,"regOpen":true}}} | 14/10 6:54:22 pm
{"g":{"baucua":{"view":false}}} | 14/10 6:54:25 pm
{"nhiemvu":100} | 14/10 6:56:17 pm
{"user":{"getLevel":true}} | 14/10 6:56:18 pm
{"captcha":"regOTP"} | 14/10 6:56:19 pm
{"user":{"x2nap":{"get_process":{"gate":"bank"}}}} | 14/10 6:56:27 pm
{"user":{"x2nap":{"get_process":{"gate":"momo"}}}} | 14/10 6:56:27 pm
{"user":{"x2nap":{"get_process":{"gate":"viettelpay"}}}} | 14/10 6:56:27 pm
{"message":{"update":true}} | 14/10 6:56:29 pm
{"message":{"view":"63494d69b57ba97275ac76aa"}} | 14/10 6:56:30 pm
{"user":{"update_device":{"is_browser":true,"os":"Windows"},"ip":"42.116.181.83"}} | 14/10 6:57:14 pm
{"user":{"update_device":{"is_browser":true,"os":"Windows"},"ip":"42.116.181.83"}} | 14/10 6:57:14 pm
{"scene":"momo"} | 14/10 6:57:36 pm
{"scene":"home"} | 14/10 6:58:20 pm
{"scene":"momo"} | 14/10 6:58:21 pm
{"user":{"update_device":{"is_browser":true,"os":"Windows"},"ip":"42.116.181.83"}} | 14/10 6:58:57 pm
{"user":{"update_device":{"is_browser":true,"os":"Windows"},"ip":"42.116.181.83"}} | 14/10 6:58:58 pm
{"scene":"momo"} | 14/10 7:00:01 pm
{"scene":"home"} | 14/10 7:00:11 pm
{"scene":"momo"} | 14/10 7:00:13 pm
{"scene":"home"} | 14/10 7:00:30 pm
{"taixiu":{"view":true,"getLogs":true}} | 14/10 7:00:50 pm
{"taixiu":{"view":false}} | 14/10 7:01:52 pm
{"taixiu":{"view":true}} | 14/10 7:05:48 pm
{"taixiu":{"cuoc":{"red":true,"taixiu":true,"select":true,"bet":5000}}} | 14/10 7:05:51 pm
{"user":{"updateCoint":true}} | 14/10 7:05:51 pm
{"taixiu":{"view":false}} | 14/10 7:05:53 pm
{"taixiu":{"view":true}} | 14/10 7:05:55 pm
{"taixiu":{"view":false}} | 14/10 7:05:59 pm
{"taixiu":{"view":true}} | 14/10 7:06:17 pm
{"taixiu":{"get_new":true}} | 14/10 7:06:25 pm
{"user":{"update_device":{"is_browser":true,"os":"Windows"},"ip":"42.116.181.83"}} | 15/10 1:20:17 pm
{"user":{"update_device":{"is_browser":true,"os":"Windows"},"ip":"42.116.181.83"}} | 15/10 1:20:17 pm
{"g":{"reg":"XocXoc"}} | 15/10 1:20:34 pm
{"scene":"Xocxoc","g":{"xocxoc":{"ingame":true}}} | 15/10 1:20:35 pm
{"g":{"xocxoc":{"outgame":true}}} | 15/10 1:20:41 pm
{"scene":"home"} | 15/10 1:20:41 pm
{"taixiu":{"view":true,"getLogs":true}} | 15/10 1:22:27 pm
{"taixiu":{"cuoc":{"red":true,"taixiu":true,"select":false,"bet":50000}}} | 15/10 1:22:31 pm
{"user":{"updateCoint":true}} | 15/10 1:22:31 pm
{"taixiu":{"cuoc":{"red":true,"taixiu":true,"select":false,"bet":50000}}} | 15/10 1:23:01 pm
{"user":{"updateCoint":true}} | 15/10 1:23:01 pm
{"taixiu":{"cuoc":{"red":true,"taixiu":true,"select":false,"bet":10000000}}} | 15/10 1:23:07 pm
{"user":{"updateCoint":true}} | 15/10 1:23:07 pm
{"taixiu":{"cuoc":{"red":true,"taixiu":true,"select":false,"bet":100000}}} | 15/10 1:23:21 pm
{"user":{"updateCoint":true}} | 15/10 1:23:21 pm
{"taixiu":{"cuoc":{"red":true,"taixiu":true,"select":false,"bet":50000000}}} | 15/10 1:23:29 pm
{"user":{"updateCoint":true}} | 15/10 1:23:29 pm
{"taixiu":{"cuoc":{"red":true,"taixiu":true,"select":false,"bet":5000}}} | 15/10 1:23:31 pm
{"user":{"updateCoint":true}} | 15/10 1:23:31 pm
{"taixiu":{"cuoc":{"red":true,"taixiu":true,"select":false,"bet":10000}}} | 15/10 1:23:37 pm
{"user":{"updateCoint":true}} | 15/10 1:23:37 pm
{"taixiu":{"cuoc":{"red":true,"taixiu":true,"select":false,"bet":50000}}} | 15/10 1:23:40 pm
{"user":{"updateCoint":true}} | 15/10 1:23:40 pm
{"taixiu":{"cuoc":{"red":true,"taixiu":true,"select":false,"bet":100000}}} | 15/10 1:23:42 pm
{"user":{"updateCoint":true}} | 15/10 1:23:42 pm
{"taixiu":{"get_new":true}} | 15/10 1:23:52 pm
{"taixiu":{"get_top":{"red":true,"taixiu":true}}} | 15/10 1:24:00 pm
{"taixiu":{"get_top":{"red":true,"taixiu":true}}} | 15/10 1:24:01 pm
{"taixiu":{"get_top":{"red":true,"taixiu":true}}} | 15/10 1:24:02 pm
{"taixiu":{"cuoc":{"red":true,"taixiu":true,"select":false,"bet":50000}}} | 15/10 1:24:09 pm
{"user":{"updateCoint":true}} | 15/10 1:24:09 pm
{"taixiu":{"cuoc":{"red":true,"taixiu":true,"select":false,"bet":100000}}} | 15/10 1:24:11 pm
{"user":{"updateCoint":true}} | 15/10 1:24:11 pm
{"taixiu":{"cuoc":{"red":true,"taixiu":true,"select":false,"bet":50000}}} | 15/10 1:24:30 pm
{"user":{"updateCoint":true}} | 15/10 1:24:30 pm
{"taixiu":{"cuoc":{"red":true,"taixiu":true,"select":false,"bet":100000}}} | 15/10 1:24:33 pm
{"user":{"updateCoint":true}} | 15/10 1:24:33 pm
{"taixiu":{"cuoc":{"red":true,"taixiu":true,"select":false,"bet":100000}}} | 15/10 1:24:44 pm
{"user":{"updateCoint":true}} | 15/10 1:24:44 pm
{"taixiu":{"cuoc":{"red":true,"taixiu":true,"select":false,"bet":100000}}} | 15/10 1:24:52 pm
{"user":{"updateCoint":true}} | 15/10 1:24:52 pm
{"taixiu":{"cuoc":{"red":true,"taixiu":true,"select":false,"bet":100000}}} | 15/10 1:24:56 pm
{"user":{"updateCoint":true}} | 15/10 1:24:56 pm
{"taixiu":{"get_new":true}} | 15/10 1:25:10 pm
{"taixiu":{"view":false}} | 15/10 1:25:15 pm
{"scene":"momo"} | 15/10 1:25:18 pm
{"scene":"home"} | 15/10 1:25:20 pm
{"g":{"reg":"XocXoc"}} | 15/10 1:25:21 pm
{"scene":"Xocxoc","g":{"xocxoc":{"ingame":true}}} | 15/10 1:25:22 pm
{"g":{"xocxoc":{"cuoc":{"cuoc":"10000","box":"le"}}}} | 15/10 1:25:24 pm
{"g":{"xocxoc":{"cuoc":{"cuoc":"100000","box":"le"}}}} | 15/10 1:25:47 pm
{"g":{"xocxoc":{"cuoc":{"cuoc":"100000","box":"le"}}}} | 15/10 1:26:00 pm
{"g":{"xocxoc":{"cuoc":{"cuoc":"100000","box":"chan"}}}} | 15/10 1:26:01 pm
{"g":{"xocxoc":{"cuoc":{"cuoc":"10000","box":"red3"}}}} | 15/10 1:26:03 pm
{"g":{"xocxoc":{"cuoc":{"cuoc":"10000","box":"le"}}}} | 15/10 1:26:04 pm
{"g":{"xocxoc":{"cuoc":{"cuoc":"1000000","box":"le"}}}} | 15/10 1:26:07 pm
{"user":{"updateCoint":true}} | 15/10 1:26:20 pm
{"g":{"xocxoc":{"outgame":true}}} | 15/10 1:26:22 pm
{"scene":"home"} | 15/10 1:26:22 pm
{"g":{"caothap":{"play":{"reconnect":true}}}} | 15/10 1:26:28 pm
{"scene":"vq_red"} | 15/10 1:26:38 pm
{"g":{"vq_red":{"spin":{"cuoc":"10000","line":[1,2,3,4,5,6,7,8,9,10,11,12,13,14,15,16,17,18,19,20]}}}} | 15/10 1:26:42 pm
{"g":{"vq_red":{"spin":{"cuoc":"10000","line":[1,2,3,4,5,6,7,8,9,10,11,12,13,14,15,16,17,18,19,20]}}}} | 15/10 1:26:44 pm
{"scene":"home"} | 15/10 1:26:46 pm
{"user":{"update_device":{"is_browser":true,"os":"Windows"},"ip":"42.116.181.83"}} | 15/10 1:44:28 pm
{"user":{"update_device":{"is_browser":true,"os":"Windows"},"ip":"42.116.181.83"}} | 15/10 1:44:28 pm
{"taixiu":{"view":true,"getLogs":true}} | 15/10 1:44:32 pm
{"taixiu":{"cuoc":{"red":true,"taixiu":true,"select":false,"bet":10000}}} | 15/10 1:44:35 pm
{"user":{"updateCoint":true}} | 15/10 1:44:35 pm
{"taixiu":{"cuoc":{"red":true,"taixiu":true,"select":false,"bet":5000}}} | 15/10 1:44:41 pm
{"user":{"updateCoint":true}} | 15/10 1:44:41 pm
{"taixiu":{"cuoc":{"red":true,"taixiu":true,"select":false,"bet":10000}}} | 15/10 1:44:42 pm
{"user":{"updateCoint":true}} | 15/10 1:44:42 pm
{"taixiu":{"cuoc":{"red":true,"taixiu":true,"select":false,"bet":50000}}} | 15/10 1:44:49 pm
{"user":{"updateCoint":true}} | 15/10 1:44:49 pm
{"taixiu":{"cuoc":{"red":true,"taixiu":true,"select":false,"bet":10000}}} | 15/10 1:44:52 pm
{"user":{"updateCoint":true}} | 15/10 1:44:52 pm
{"taixiu":{"get_new":true}} | 15/10 1:45:16 pm
{"taixiu":{"view":false}} | 15/10 1:45:21 pm
{"g":{"reg":"XocXoc"}} | 15/10 1:45:23 pm
{"scene":"Xocxoc","g":{"xocxoc":{"ingame":true}}} | 15/10 1:45:24 pm
{"g":{"xocxoc":{"cuoc":{"cuoc":"10000","box":"chan"}}}} | 15/10 1:45:43 pm
{"g":{"xocxoc":{"cuoc":{"cuoc":"100000","box":"red3"}}}} | 15/10 1:45:51 pm
{"g":{"xocxoc":{"cuoc":{"cuoc":"100000","box":"chan"}}}} | 15/10 1:45:57 pm
{"g":{"xocxoc":{"cuoc":{"cuoc":"100000","box":"white3"}}}} | 15/10 1:46:32 pm
{"g":{"xocxoc":{"cuoc":{"cuoc":"100000","box":"red3"}}}} | 15/10 1:46:33 pm
{"g":{"xocxoc":{"outgame":true}}} | 15/10 1:46:53 pm
{"scene":"home"} | 15/10 1:46:53 pm
{"g":{"reg":"RongHo"}} | 15/10 1:47:04 pm
{"scene":"rongho","g":{"rongho":{"ingame":true}}} | 15/10 1:47:04 pm
{"user":{"update_device":{"is_browser":true,"os":"Windows"},"ip":"42.116.181.83"}} | 15/10 1:50:50 pm
{"user":{"update_device":{"is_browser":true,"os":"Windows"},"ip":"42.116.181.83"}} | 15/10 1:50:50 pm
{"g":{"reg":"RongHo"}} | 15/10 1:50:54 pm
{"scene":"rongho","g":{"rongho":{"ingame":true}}} | 15/10 1:50:54 pm
{"g":{"rongho":{"outgame":true}}} | 15/10 1:51:55 pm
{"scene":"home"} | 15/10 1:51:55 pm
{"user":{"update_device":{"is_browser":true,"os":"Windows"},"ip":"42.116.181.83"}} | 15/10 6:32:22 pm
{"user":{"update_device":{"is_browser":true,"os":"Windows"},"ip":"42.116.181.83"}} | 15/10 6:32:22 pm
{"shop":{"bank":{"list":true}}} | 15/10 6:32:25 pm
{"shop":{"bank":{"list":true}}} | 15/10 6:32:25 pm
{"g":{"reg":"XocXoc"}} | 15/10 6:32:34 pm
{"scene":"Xocxoc","g":{"xocxoc":{"ingame":true}}} | 15/10 6:32:34 pm
{"g":{"xocxoc":{"outgame":true}}} | 15/10 6:32:39 pm
{"scene":"home"} | 15/10 6:32:40 pm
{"user":{"update_device":{"is_browser":true,"os":"Windows"},"ip":"42.116.181.83"}} | 15/10 7:13:22 pm
{"user":{"update_device":{"is_browser":true,"os":"Windows"},"ip":"42.116.181.83"}} | 15/10 7:13:22 pm
{"scene":"momo"} | 15/10 7:13:26 pm
{"scene":"home"} | 15/10 7:13:28 pm
{"user":{"update_device":{"is_browser":true,"os":"Windows"},"ip":"1.55.196.140"}} | 18/10 6:23:10 pm
{"user":{"update_device":{"is_browser":true,"os":"Windows"},"ip":"1.55.196.140"}} | 18/10 6:23:10 pm
{"user":{"update_device":{"is_browser":true,"os":"Windows"},"ip":"1.55.196.140"}} | 18/10 6:27:33 pm
{"user":{"update_device":{"is_browser":true,"os":"Windows"},"ip":"1.55.196.140"}} | 18/10 6:27:33 pm
{"user":{"update_device":{"is_browser":true,"os":"Windows"},"ip":"1.55.196.140"}} | 20/10 9:29:11 am
{"user":{"update_device":{"is_browser":true,"os":"Windows"},"ip":"1.55.196.140"}} | 20/10 9:29:11 am
{"user":{"update_device":{"is_browser":true,"os":"Windows"},"ip":"1.55.196.140"}} | 20/10 9:39:50 am
{"user":{"update_device":{"is_browser":true,"os":"Windows"},"ip":"1.55.196.140"}} | 20/10 9:39:50 am
{"user":{"update_device":{"is_browser":true,"os":"Windows"},"ip":"1.55.196.140"}} | 20/10 9:45:28 am
{"user":{"update_device":{"is_browser":true,"os":"Windows"},"ip":"1.55.196.140"}} | 20/10 9:45:28 am
{"user":{"update_device":{"is_browser":false,"os":"Android"},"ip":"1.55.196.140"}} | 20/10 12:25:55 pm
{"user":{"update_device":{"is_browser":false,"os":"Android"},"ip":"1.55.196.140"}} | 20/10 12:25:55 pm
{"shop":{"info_mua":true}} | 20/10 12:28:06 pm
{"g":{"reg":"XocXoc"}} | 20/10 12:28:16 pm
{"scene":"Xocxoc","g":{"xocxoc":{"ingame":true}}} | 20/10 12:28:17 pm
{"g":{"xocxoc":{"outgame":true}}} | 20/10 12:28:19 pm
{"scene":"home"} | 20/10 12:28:20 pm
{"taixiu":{"view":true,"getLogs":true}} | 20/10 12:28:22 pm
{"taixiu":{"view":false}} | 20/10 12:28:26 pm
{"taixiu":{"view":true}} | 20/10 12:28:27 pm
{"taixiu":{"view":false}} | 20/10 12:28:28 pm
{"taixiu":{"view":true}} | 20/10 12:28:29 pm
{"taixiu":{"cuoc":{"red":true,"taixiu":true,"select":false,"bet":50000}}} | 20/10 12:28:31 pm
{"user":{"updateCoint":true}} | 20/10 12:28:31 pm
{"taixiu":{"view":false}} | 20/10 12:28:39 pm
{"user":{"getLevel":true}} | 20/10 12:28:40 pm
{"shop":{"bank":{"list":true}}} | 20/10 12:28:42 pm
{"shop":{"bank":{"list":true}}} | 20/10 12:28:42 pm
{"user":{"update_device":{"is_browser":false,"os":"Android"},"ip":"1.55.196.140"}} | 20/10 1:22:17 pm
{"user":{"update_device":{"is_browser":false,"os":"Android"},"ip":"1.55.196.140"}} | 20/10 1:22:17 pm
{"user":{"update_device":{"is_browser":false,"os":"Windows"},"ip":"1.55.196.140"}} | 20/10 1:24:12 pm
{"user":{"update_device":{"is_browser":false,"os":"Windows"},"ip":"1.55.196.140"}} | 20/10 1:24:12 pm
