{"signName":"alo123"} | 18/10 6:17:39 pm
{"signName":"alo123998"} | 18/10 6:17:44 pm
{"user":{"update_device":{"is_browser":true,"os":"Windows"},"ip":"152.32.112.242"}} | 18/10 6:17:45 pm
{"user":{"update_device":{"is_browser":true,"os":"Windows"},"ip":"152.32.112.242"}} | 18/10 6:17:45 pm
{"shop":{"bank":{"list":true}}} | 18/10 6:17:47 pm
{"shop":{"bank":{"list":true}}} | 18/10 6:17:47 pm
{"captcha":"chargeCard"} | 18/10 6:17:49 pm
{"shop":{"info_nap":true}} | 18/10 6:17:49 pm
{"shop":{"wallet":{"gate":"momo"}}} | 18/10 6:17:59 pm
{"shop":{"bank":{"list":true}}} | 18/10 6:18:03 pm
{"shop":{"info_mua":true}} | 18/10 6:19:12 pm
{"g":{"casino":{"getBalance":true}}} | 18/10 6:40:00 pm
{"g":{"casino":{"getPlayData":{"platform":"desktop"}}}} | 18/10 6:40:00 pm
{"g":{"casino":{"getBalance":true}}} | 18/10 6:54:27 pm
{"g":{"casino":{"getPlayData":{"platform":"desktop"}}}} | 18/10 6:54:27 pm
{"taixiu":{"view":true,"getLogs":true}} | 18/10 6:57:00 pm
{"taixiu":{"view":false}} | 18/10 6:57:03 pm
{"scene":"momo"} | 18/10 6:57:07 pm
{"taixiu":{"view":true}} | 18/10 6:57:31 pm
{"scene":"home"} | 18/10 6:57:31 pm
{"taixiu":{"view":false}} | 18/10 6:57:33 pm
{"scene":"momo"} | 18/10 6:57:35 pm
{"scene":"home"} | 18/10 6:57:38 pm
