{"signName":"azdvro"} | 19/10 6:04:32 pm
{"taixiu":{"view":true,"getLogs":true}} | 19/10 6:04:34 pm
{"taixiu":{"view":false}} | 19/10 6:04:53 pm
{"shop":{"bank":{"list":true}}} | 19/10 6:05:47 pm
{"shop":{"bank":{"list":true}}} | 19/10 6:05:47 pm
{"taixiu":{"view":true}} | 19/10 6:06:46 pm
{"taixiu":{"view":false}} | 19/10 6:06:48 pm
{"shop":{"bank":{"list":true}}} | 19/10 6:06:50 pm
{"captcha":"chargeCard"} | 19/10 6:06:51 pm
{"shop":{"info_nap":true}} | 19/10 6:06:51 pm
{"shop":{"wallet":{"gate":"momo"}}} | 19/10 6:06:52 pm
{"captcha":"chargeCard"} | 19/10 6:06:53 pm
{"shop":{"bank":{"list":true}}} | 19/10 6:06:55 pm
{"taixiu":{"view":true}} | 19/10 6:08:40 pm
{"taixiu":{"view":false}} | 19/10 6:08:55 pm
{"shop":{"info_mua":true}} | 19/10 6:09:58 pm
{"captcha":"giftcode"} | 19/10 6:10:50 pm
{"scene":"xo_so"} | 19/10 6:10:58 pm
{"g":{"xs":{"mb":{"kq":"19/10/2022"}}}} | 19/10 6:10:58 pm
{"scene":"home"} | 19/10 6:11:00 pm
{"scene":"momo"} | 19/10 6:11:05 pm
{"scene":"home"} | 19/10 6:11:09 pm
