{"signName":"Admm"} | 20/10 12:32:39 pm
{"user":{"update_device":{"is_browser":true,"os":"iOS"},"ip":"42.118.11.76"}} | 20/10 12:32:40 pm
{"user":{"update_device":{"is_browser":true,"os":"iOS"},"ip":"42.118.11.76"}} | 20/10 12:32:40 pm
{"shop":{"info_mua":true}} | 20/10 12:32:51 pm
{"taixiu":{"view":true,"getLogs":true}} | 20/10 12:33:08 pm
{"taixiu":{"view":false}} | 20/10 12:33:36 pm
{"g":{"casino":{"getBalance":true}}} | 20/10 12:33:41 pm
{"g":{"casino":{"getPlayData":{"platform":"mobile"}}}} | 20/10 12:33:41 pm
{"g":{"casino":{"getBalance":true}}} | 20/10 12:33:44 pm
{"g":{"casino":{"getPlayData":{"platform":"mobile"}}}} | 20/10 12:33:44 pm
{"captcha":"giftcode"} | 20/10 12:33:54 pm
{"message":{"update":true}} | 20/10 12:33:56 pm
{"scene":"momo"} | 20/10 12:34:11 pm
{"scene":"home"} | 20/10 12:34:21 pm
{"g":{"casino":{"getBalance":true}}} | 20/10 12:34:23 pm
{"g":{"casino":{"getPlayData":{"platform":"mobile"}}}} | 20/10 12:34:23 pm
{"g":{"casino":{"getBalance":true}}} | 20/10 12:34:30 pm
{"g":{"casino":{"getPlayData":{"platform":"mobile"}}}} | 20/10 12:34:30 pm
{"scene":"xo_so"} | 20/10 12:34:41 pm
{"g":{"xs":{"mb":{"kq":"20/10/2022"}}}} | 20/10 12:34:41 pm
{"scene":"home"} | 20/10 12:34:43 pm
{"g":{"reg":"XocXoc"}} | 20/10 12:34:50 pm
{"scene":"Xocxoc","g":{"xocxoc":{"ingame":true}}} | 20/10 12:34:50 pm
{"g":{"xocxoc":{"outgame":true}}} | 20/10 12:34:58 pm
{"scene":"home"} | 20/10 12:34:58 pm
{"taixiu":{"view":true}} | 20/10 12:35:00 pm
{"taixiu":{"getLogs":true}} | 20/10 12:35:41 pm
