{"user":{"update_device":{"is_browser":true,"os":"Windows"},"ip":"123.25.253.106"}} | 26/12 3:03:44 am
{"user":{"update_device":{"is_browser":true,"os":"Windows"},"ip":"123.25.253.106"}} | 26/12 3:03:44 am
{"taixiu":{"view":true,"getLogs":true}} | 26/12 3:03:51 am
{"shop":{"get_daily":true}} | 26/12 3:03:54 am
{"taixiu":{"getLogChat":true}} | 26/12 3:03:54 am
{"taixiu":{"cuoc":{"red":true,"taixiu":true,"select":true,"bet":50000000}}} | 26/12 3:04:23 am
{"user":{"updateCoint":true}} | 26/12 3:04:23 am
{"taixiu":{"view":false}} | 26/12 3:04:33 am
{"shop":{"bank":{"list":true}}} | 26/12 3:04:37 am
{"shop":{"bank":{"list":true}}} | 26/12 3:04:37 am
{"captcha":"chargeCard"} | 26/12 3:04:38 am
{"shop":{"info_nap":true}} | 26/12 3:04:38 am
{"shop":{"bank":{"list":true}}} | 26/12 3:04:38 am
{"captcha":"chargeCard"} | 26/12 3:05:01 am
{"shop":{"bank":{"list":true}}} | 26/12 3:05:02 am
{"taixiu":{"get_new":true}} | 26/12 3:05:14 am
{"captcha":"chargeCard"} | 26/12 3:07:29 am
{"shop":{"bank":{"list":true}}} | 26/12 3:07:30 am
{"shop":{"wallet":{"gate":"momo"}}} | 26/12 3:07:30 am
{"shop":{"bank":{"list":true}}} | 26/12 3:07:31 am
{"shop":{"wallet":{"gate":"momo"}}} | 26/12 3:07:32 am
{"shop":{"bank":{"list":true}}} | 26/12 3:07:36 am
{"taixiu":{"view":true}} | 26/12 3:07:39 am
{"taixiu":{"view":false}} | 26/12 3:07:56 am
{"message":{"update":true}} | 26/12 3:08:09 am
{"user":{"x2nap":{"get_process":{"gate":"bank"}}}} | 26/12 3:08:11 am
{"user":{"x2nap":{"get_process":{"gate":"momo"}}}} | 26/12 3:08:11 am
{"user":{"x2nap":{"get_process":{"gate":"viettelpay"}}}} | 26/12 3:08:11 am
{"nhiemvu":100} | 26/12 3:08:22 am
{"user":{"getLevel":true}} | 26/12 3:08:38 am
{"user":{"history":{"nap_red":{"page":1}}}} | 26/12 3:08:40 am
{"captcha":"regOTP"} | 26/12 3:08:41 am
{"user":{"getLevel":true}} | 26/12 3:08:42 am
{"user":{"signOut":true}} | 26/12 3:08:46 am
{"user":{"update_device":{"is_browser":true,"os":"Windows"},"ip":"113.187.29.112"}} | 26/12 9:25:27 pm
{"user":{"update_device":{"is_browser":true,"os":"Windows"},"ip":"113.187.29.112"}} | 26/12 9:25:27 pm
{"taixiu":{"view":true,"getLogs":true}} | 26/12 9:25:29 pm
{"shop":{"get_daily":true}} | 26/12 9:25:32 pm
{"taixiu":{"getLogChat":true}} | 26/12 9:25:32 pm
{"taixiu":{"cuoc":{"red":true,"taixiu":true,"select":false,"bet":10000000}}} | 26/12 9:25:34 pm
{"user":{"updateCoint":true}} | 26/12 9:25:34 pm
{"taixiu":{"cuoc":{"red":true,"taixiu":true,"select":false,"bet":500000000}}} | 26/12 9:25:53 pm
{"user":{"updateCoint":true}} | 26/12 9:25:53 pm
{"taixiu":{"cuoc":{"red":true,"taixiu":true,"select":false,"bet":100000000}}} | 26/12 9:25:55 pm
{"user":{"updateCoint":true}} | 26/12 9:25:55 pm
{"taixiu":{"get_new":true}} | 26/12 9:26:06 pm
{"taixiu":{"cuoc":{"red":true,"taixiu":true,"select":false,"bet":100000000}}} | 26/12 9:26:45 pm
{"user":{"updateCoint":true}} | 26/12 9:26:45 pm
{"taixiu":{"get_new":true}} | 26/12 9:27:24 pm
{"taixiu":{"cuoc":{"red":true,"taixiu":true,"select":false,"bet":100000000}}} | 26/12 9:27:54 pm
{"user":{"updateCoint":true}} | 26/12 9:27:54 pm
{"taixiu":{"get_log":{"page":1}}} | 26/12 9:27:56 pm
{"taixiu":{"get_new":true}} | 26/12 9:28:40 pm
{"taixiu":{"cuoc":{"red":true,"taixiu":true,"select":false,"bet":50000000}}} | 26/12 9:30:47 pm
{"user":{"updateCoint":true}} | 26/12 9:30:47 pm
{"taixiu":{"get_new":true}} | 26/12 9:31:14 pm
{"taixiu":{"cuoc":{"red":true,"taixiu":true,"select":false,"bet":500000000}}} | 26/12 9:31:41 pm
{"user":{"updateCoint":true}} | 26/12 9:31:41 pm
{"taixiu":{"get_new":true}} | 26/12 9:32:30 pm
{"taixiu":{"view":false}} | 26/12 9:32:35 pm
{"g":{"reg":"XocXoc"}} | 26/12 9:32:39 pm
{"scene":"Xocxoc","g":{"xocxoc":{"ingame":true}}} | 26/12 9:32:39 pm
{"g":{"xocxoc":{"cuoc":{"cuoc":"1000000","box":"le"}}}} | 26/12 9:32:43 pm
{"g":{"xocxoc":{"cuoc":{"cuoc":"1000000","box":"le"}}}} | 26/12 9:32:44 pm
{"g":{"xocxoc":{"cuoc":{"cuoc":"1000000","box":"le"}}}} | 26/12 9:32:44 pm
{"g":{"xocxoc":{"cuoc":{"cuoc":"1000000","box":"le"}}}} | 26/12 9:32:45 pm
{"g":{"xocxoc":{"cuoc":{"cuoc":"1000000","box":"le"}}}} | 26/12 9:32:45 pm
{"g":{"xocxoc":{"cuoc":{"cuoc":"1000000","box":"le"}}}} | 26/12 9:32:47 pm
{"g":{"xocxoc":{"cuoc":{"cuoc":"1000000","box":"le"}}}} | 26/12 9:32:47 pm
{"g":{"xocxoc":{"cuoc":{"cuoc":"1000000","box":"le"}}}} | 26/12 9:32:47 pm
{"g":{"xocxoc":{"cuoc":{"cuoc":"1000000","box":"le"}}}} | 26/12 9:32:47 pm
{"g":{"xocxoc":{"cuoc":{"cuoc":"1000000","box":"le"}}}} | 26/12 9:32:48 pm
{"user":{"updateCoint":true}} | 26/12 9:33:11 pm
{"g":{"xocxoc":{"cuoc":{"cuoc":"1000000","box":"red3"}}}} | 26/12 9:33:23 pm
{"g":{"xocxoc":{"cuoc":{"cuoc":"1000000","box":"red3"}}}} | 26/12 9:33:23 pm
{"g":{"xocxoc":{"cuoc":{"cuoc":"1000000","box":"red3"}}}} | 26/12 9:33:23 pm
{"g":{"xocxoc":{"cuoc":{"cuoc":"1000000","box":"red3"}}}} | 26/12 9:33:24 pm
{"g":{"xocxoc":{"cuoc":{"cuoc":"1000000","box":"red3"}}}} | 26/12 9:33:24 pm
{"g":{"xocxoc":{"cuoc":{"cuoc":"1000000","box":"red3"}}}} | 26/12 9:33:24 pm
{"g":{"xocxoc":{"cuoc":{"cuoc":"1000000","box":"red3"}}}} | 26/12 9:33:24 pm
{"g":{"xocxoc":{"cuoc":{"cuoc":"1000000","box":"red3"}}}} | 26/12 9:33:24 pm
{"g":{"xocxoc":{"cuoc":{"cuoc":"1000000","box":"red3"}}}} | 26/12 9:33:24 pm
{"g":{"xocxoc":{"cuoc":{"cuoc":"1000000","box":"red3"}}}} | 26/12 9:33:25 pm
{"user":{"updateCoint":true}} | 26/12 9:33:57 pm
{"g":{"xocxoc":{"cuoc":{"cuoc":"1000000","box":"le"}}}} | 26/12 9:34:07 pm
{"g":{"xocxoc":{"cuoc":{"cuoc":"1000000","box":"le"}}}} | 26/12 9:34:07 pm
{"g":{"xocxoc":{"cuoc":{"cuoc":"1000000","box":"le"}}}} | 26/12 9:34:07 pm
{"g":{"xocxoc":{"cuoc":{"cuoc":"1000000","box":"le"}}}} | 26/12 9:34:07 pm
{"g":{"xocxoc":{"cuoc":{"cuoc":"1000000","box":"le"}}}} | 26/12 9:34:08 pm
{"g":{"xocxoc":{"cuoc":{"cuoc":"1000000","box":"le"}}}} | 26/12 9:34:08 pm
{"g":{"xocxoc":{"cuoc":{"cuoc":"1000000","box":"le"}}}} | 26/12 9:34:08 pm
{"g":{"xocxoc":{"cuoc":{"cuoc":"1000000","box":"le"}}}} | 26/12 9:34:08 pm
{"g":{"xocxoc":{"cuoc":{"cuoc":"1000000","box":"le"}}}} | 26/12 9:34:08 pm
{"g":{"xocxoc":{"cuoc":{"cuoc":"1000000","box":"le"}}}} | 26/12 9:34:09 pm
{"g":{"xocxoc":{"cuoc":{"cuoc":"1000000","box":"le"}}}} | 26/12 9:34:09 pm
{"g":{"xocxoc":{"cuoc":{"cuoc":"1000000","box":"le"}}}} | 26/12 9:34:09 pm
{"g":{"xocxoc":{"cuoc":{"cuoc":"1000000","box":"le"}}}} | 26/12 9:34:09 pm
{"g":{"xocxoc":{"cuoc":{"cuoc":"1000000","box":"le"}}}} | 26/12 9:34:09 pm
{"g":{"xocxoc":{"cuoc":{"cuoc":"1000000","box":"le"}}}} | 26/12 9:34:10 pm
{"g":{"xocxoc":{"cuoc":{"cuoc":"1000000","box":"le"}}}} | 26/12 9:34:10 pm
{"g":{"xocxoc":{"cuoc":{"cuoc":"1000000","box":"le"}}}} | 26/12 9:34:10 pm
{"g":{"xocxoc":{"cuoc":{"cuoc":"1000000","box":"le"}}}} | 26/12 9:34:10 pm
{"g":{"xocxoc":{"cuoc":{"cuoc":"1000000","box":"le"}}}} | 26/12 9:34:14 pm
{"g":{"xocxoc":{"cuoc":{"cuoc":"1000000","box":"le"}}}} | 26/12 9:34:14 pm
{"g":{"xocxoc":{"cuoc":{"cuoc":"1000000","box":"le"}}}} | 26/12 9:34:14 pm
{"g":{"xocxoc":{"cuoc":{"cuoc":"1000000","box":"le"}}}} | 26/12 9:34:14 pm
{"g":{"xocxoc":{"cuoc":{"cuoc":"1000000","box":"le"}}}} | 26/12 9:34:14 pm
{"g":{"xocxoc":{"cuoc":{"cuoc":"1000000","box":"le"}}}} | 26/12 9:34:14 pm
{"g":{"xocxoc":{"cuoc":{"cuoc":"1000000","box":"le"}}}} | 26/12 9:34:14 pm
{"g":{"xocxoc":{"cuoc":{"cuoc":"1000000","box":"white4"}}}} | 26/12 9:34:57 pm
{"g":{"xocxoc":{"cuoc":{"cuoc":"1000000","box":"white4"}}}} | 26/12 9:34:57 pm
{"g":{"xocxoc":{"cuoc":{"cuoc":"1000000","box":"white4"}}}} | 26/12 9:34:57 pm
{"g":{"xocxoc":{"cuoc":{"cuoc":"1000000","box":"white4"}}}} | 26/12 9:34:57 pm
{"g":{"xocxoc":{"cuoc":{"cuoc":"1000000","box":"white4"}}}} | 26/12 9:34:57 pm
{"g":{"xocxoc":{"cuoc":{"cuoc":"1000000","box":"white4"}}}} | 26/12 9:34:57 pm
{"g":{"xocxoc":{"cuoc":{"cuoc":"1000000","box":"white4"}}}} | 26/12 9:34:58 pm
{"g":{"xocxoc":{"cuoc":{"cuoc":"1000000","box":"white4"}}}} | 26/12 9:34:58 pm
{"g":{"xocxoc":{"cuoc":{"cuoc":"1000000","box":"white4"}}}} | 26/12 9:34:58 pm
{"g":{"xocxoc":{"cuoc":{"cuoc":"1000000","box":"white4"}}}} | 26/12 9:34:59 pm
{"g":{"xocxoc":{"outgame":true}}} | 26/12 9:36:20 pm
{"scene":"home"} | 26/12 9:36:20 pm
{"scene":"momo"} | 26/12 9:36:21 pm
{"scene":"home"} | 26/12 9:36:59 pm
{"scene":"momo"} | 26/12 9:37:01 pm
{"scene":"home"} | 26/12 9:37:04 pm
{"scene":"xo_so"} | 26/12 9:37:14 pm
{"g":{"xs":{"mb":{"kq":"26/12/2023"}}}} | 26/12 9:37:14 pm
{"scene":"home"} | 26/12 9:37:32 pm
{"user":{"getLevel":true}} | 26/12 9:37:34 pm
{"captcha":"regOTP"} | 26/12 9:37:34 pm
{"user":{"history":{"nap_red":{"page":1}}}} | 26/12 9:37:36 pm
{"user":{"getLevel":true}} | 26/12 9:37:36 pm
{"captcha":"regOTP"} | 26/12 9:37:37 pm
{"user":{"history":{"nap_red":{"page":1}}}} | 26/12 9:37:37 pm
{"captcha":"regOTP"} | 26/12 9:37:38 pm
{"user":{"getLevel":true}} | 26/12 9:37:38 pm
{"nhiemvu":100} | 26/12 9:37:43 pm
{"nhanthuong":{"id":102,"tennv":"Tài Xỉu","noidung":"Thắng 1 ván tài xỉu tối thiếu 100.000","phanthuong":"10000","dieukien":"100000"}} | 26/12 9:37:44 pm
{"nhanthuong":{"id":103,"tennv":"Tài Xỉu","noidung":"Thắng 1 ván tài xỉu tối thiếu 1.000.000","phanthuong":"20000","dieukien":"1000000"}} | 26/12 9:37:46 pm
{"nhanthuong":{"id":104,"tennv":"Tài Xỉu","noidung":"Thắng 1 ván tài xỉu tối thiếu 2.000.000","phanthuong":"50000","dieukien":"2000000"}} | 26/12 9:37:47 pm
{"nhanthuong":{"id":106,"tennv":"Tài Xỉu","noidung":"Thắng 1 ván tài xỉu tối thiếu 7.000.000","phanthuong":"200000","dieukien":"7000000"}} | 26/12 9:37:51 pm
{"user":{"update_device":{"is_browser":true,"os":"Windows"},"ip":"113.187.29.112"}} | 27/12 12:57:50 am
{"user":{"update_device":{"is_browser":true,"os":"Windows"},"ip":"113.187.29.112"}} | 27/12 12:57:50 am
{"captcha":"regOTP"} | 27/12 12:57:52 am
{"user":{"getLevel":true}} | 27/12 12:57:52 am
{"shop":{"bank":{"list":true}}} | 27/12 12:57:58 am
{"captcha":"chargeCard"} | 27/12 12:57:59 am
{"shop":{"info_nap":true}} | 27/12 12:57:59 am
{"shop":{"wallet":{"gate":"momo"}}} | 27/12 12:57:59 am
{"captcha":"giftcode"} | 27/12 12:58:01 am
{"user":{"getLevel":true}} | 27/12 12:59:46 am
{"user":{"signOut":true}} | 27/12 12:59:52 am
{"user":{"update_device":{"is_browser":true,"os":"Windows"},"ip":"113.187.29.112"}} | 27/12 1:01:44 am
{"user":{"update_device":{"is_browser":true,"os":"Windows"},"ip":"113.187.29.112"}} | 27/12 1:01:44 am
{"nhiemvu":100} | 27/12 1:02:00 am
{"taixiu":{"view":true,"getLogs":true}} | 27/12 1:02:07 am
{"shop":{"get_daily":true}} | 27/12 1:02:10 am
{"taixiu":{"getLogChat":true}} | 27/12 1:02:10 am
{"taixiu":{"view":false}} | 27/12 1:02:16 am
{"taixiu":{"view":true}} | 27/12 1:02:16 am
{"taixiu":{"cuoc":{"red":true,"taixiu":true,"select":true,"bet":10000000}}} | 27/12 1:02:27 am
{"user":{"updateCoint":true}} | 27/12 1:02:27 am
{"taixiu":{"get_log":{"page":1}}} | 27/12 1:02:49 am
{"taixiu":{"get_new":true}} | 27/12 1:03:16 am
{"taixiu":{"cuoc":{"red":true,"taixiu":true,"select":true,"bet":100000000}}} | 27/12 1:03:53 am
{"user":{"updateCoint":true}} | 27/12 1:03:53 am
{"taixiu":{"get_new":true}} | 27/12 1:04:33 am
{"taixiu":{"cuoc":{"red":true,"taixiu":true,"select":true,"bet":100000000}}} | 27/12 1:04:51 am
{"user":{"updateCoint":true}} | 27/12 1:04:51 am
{"user":{"update_device":{"is_browser":true,"os":"Windows"},"ip":"113.187.29.112"}} | 27/12 1:07:21 am
{"user":{"update_device":{"is_browser":true,"os":"Windows"},"ip":"113.187.29.112"}} | 27/12 1:07:21 am
{"user":{"getLevel":true}} | 27/12 1:07:22 am
{"user":{"signOut":true}} | 27/12 1:07:25 am
{"user":{"update_device":{"is_browser":true,"os":"Windows"},"ip":"113.187.29.112"}} | 27/12 1:08:53 am
{"user":{"update_device":{"is_browser":true,"os":"Windows"},"ip":"113.187.29.112"}} | 27/12 1:08:53 am
{"taixiu":{"view":true,"getLogs":true}} | 27/12 1:08:55 am
{"taixiu":{"cuoc":{"red":true,"taixiu":true,"select":false,"bet":30000000}}} | 27/12 1:08:59 am
{"user":{"updateCoint":true}} | 27/12 1:08:59 am
{"taixiu":{"cuoc":{"red":true,"taixiu":true,"select":true,"bet":40000000}}} | 27/12 1:09:05 am
{"user":{"updateCoint":true}} | 27/12 1:09:05 am
{"taixiu":{"get_new":true}} | 27/12 1:09:14 am
{"shop":{"get_daily":true}} | 27/12 1:09:20 am
{"taixiu":{"getLogChat":true}} | 27/12 1:09:20 am
{"taixiu":{"cuoc":{"red":true,"taixiu":true,"select":true,"bet":200000000}}} | 27/12 1:09:36 am
{"user":{"updateCoint":true}} | 27/12 1:09:36 am
{"taixiu":{"view":false}} | 27/12 1:09:59 am
{"nhiemvu":100} | 27/12 1:10:06 am
{"nhanthuong":{"id":101,"tennv":"Tài Xỉu","noidung":"Thắng 1 ván tài xỉu tối thiếu 10.000","phanthuong":"5000","dieukien":"10000"}} | 27/12 1:10:08 am
{"nhanthuong":{"id":102,"tennv":"Tài Xỉu","noidung":"Thắng 1 ván tài xỉu tối thiếu 100.000","phanthuong":"10000","dieukien":"100000"}} | 27/12 1:10:10 am
{"nhanthuong":{"id":101,"tennv":"Tài Xỉu","noidung":"Thắng 1 ván tài xỉu tối thiếu 10.000","phanthuong":"5000","dieukien":"10000"}} | 27/12 1:10:11 am
{"taixiu":{"view":true}} | 27/12 1:10:15 am
{"taixiu":{"chat":"6 6 1"}} | 27/12 1:10:27 am
{"taixiu":{"get_new":true}} | 27/12 1:10:31 am
{"taixiu":{"cuoc":{"red":true,"taixiu":true,"select":true,"bet":100000000}}} | 27/12 1:10:48 am
{"user":{"updateCoint":true}} | 27/12 1:10:48 am
{"taixiu":{"view":false}} | 27/12 1:11:05 am
{"scene":"xo_so"} | 27/12 1:11:18 am
{"g":{"xs":{"mb":{"kq":"27/12/2023"}}}} | 27/12 1:11:18 am
{"scene":"home"} | 27/12 1:11:23 am
{"g":{"reg":"XocXoc"}} | 27/12 1:11:27 am
{"scene":"Xocxoc","g":{"xocxoc":{"ingame":true}}} | 27/12 1:11:27 am
{"g":{"xocxoc":{"outgame":true}}} | 27/12 1:11:30 am
{"scene":"home"} | 27/12 1:11:31 am
{"taixiu":{"view":true}} | 27/12 1:11:35 am
{"taixiu":{"get_new":true}} | 27/12 1:11:48 am
{"taixiu":{"view":false}} | 27/12 1:12:04 am
{"g":{"reg":"XocXoc"}} | 27/12 1:12:29 am
{"scene":"Xocxoc","g":{"xocxoc":{"ingame":true}}} | 27/12 1:12:30 am
{"g":{"xocxoc":{"cuoc":{"cuoc":"1000000","box":"white3"}}}} | 27/12 1:12:41 am
{"g":{"xocxoc":{"cuoc":{"cuoc":"1000000","box":"white3"}}}} | 27/12 1:12:41 am
{"g":{"xocxoc":{"cuoc":{"cuoc":"1000000","box":"white3"}}}} | 27/12 1:12:41 am
{"g":{"xocxoc":{"cuoc":{"cuoc":"1000000","box":"white3"}}}} | 27/12 1:12:42 am
{"g":{"xocxoc":{"cuoc":{"cuoc":"1000000","box":"white3"}}}} | 27/12 1:12:42 am
{"g":{"xocxoc":{"cuoc":{"cuoc":"1000000","box":"white3"}}}} | 27/12 1:12:42 am
{"g":{"xocxoc":{"cuoc":{"cuoc":"1000000","box":"white3"}}}} | 27/12 1:12:42 am
{"g":{"xocxoc":{"cuoc":{"cuoc":"1000000","box":"white3"}}}} | 27/12 1:12:42 am
{"g":{"xocxoc":{"cuoc":{"cuoc":"1000000","box":"white3"}}}} | 27/12 1:12:43 am
{"g":{"xocxoc":{"cuoc":{"cuoc":"1000000","box":"white3"}}}} | 27/12 1:12:43 am
{"g":{"xocxoc":{"cuoc":{"cuoc":"1000000","box":"white3"}}}} | 27/12 1:13:00 am
{"g":{"xocxoc":{"cuoc":{"cuoc":"1000000","box":"white3"}}}} | 27/12 1:13:01 am
{"g":{"xocxoc":{"cuoc":{"cuoc":"1000000","box":"white3"}}}} | 27/12 1:13:01 am
{"g":{"xocxoc":{"cuoc":{"cuoc":"1000000","box":"white3"}}}} | 27/12 1:13:01 am
{"g":{"xocxoc":{"cuoc":{"cuoc":"1000000","box":"white3"}}}} | 27/12 1:13:01 am
{"g":{"xocxoc":{"cuoc":{"cuoc":"1000000","box":"white3"}}}} | 27/12 1:13:02 am
{"g":{"xocxoc":{"cuoc":{"cuoc":"1000000","box":"white3"}}}} | 27/12 1:13:02 am
{"g":{"xocxoc":{"cuoc":{"cuoc":"1000000","box":"white3"}}}} | 27/12 1:13:02 am
{"g":{"xocxoc":{"cuoc":{"cuoc":"1000000","box":"white3"}}}} | 27/12 1:13:02 am
{"g":{"xocxoc":{"cuoc":{"cuoc":"1000000","box":"white3"}}}} | 27/12 1:13:02 am
{"g":{"xocxoc":{"cuoc":{"cuoc":"1000000","box":"white3"}}}} | 27/12 1:13:03 am
{"g":{"xocxoc":{"cuoc":{"cuoc":"1000000","box":"white3"}}}} | 27/12 1:13:03 am
{"g":{"xocxoc":{"cuoc":{"cuoc":"1000000","box":"white3"}}}} | 27/12 1:13:03 am
{"g":{"xocxoc":{"cuoc":{"cuoc":"1000000","box":"white3"}}}} | 27/12 1:13:03 am
{"g":{"xocxoc":{"cuoc":{"cuoc":"1000000","box":"white3"}}}} | 27/12 1:13:03 am
{"g":{"xocxoc":{"cuoc":{"cuoc":"1000000","box":"white3"}}}} | 27/12 1:13:03 am
{"g":{"xocxoc":{"cuoc":{"cuoc":"1000000","box":"white3"}}}} | 27/12 1:13:03 am
{"g":{"xocxoc":{"cuoc":{"cuoc":"1000000","box":"white3"}}}} | 27/12 1:13:04 am
{"g":{"xocxoc":{"cuoc":{"cuoc":"1000000","box":"white3"}}}} | 27/12 1:13:04 am
{"g":{"xocxoc":{"cuoc":{"cuoc":"1000000","box":"white3"}}}} | 27/12 1:13:04 am
{"user":{"updateCoint":true}} | 27/12 1:13:17 am
{"g":{"xocxoc":{"outgame":true}}} | 27/12 1:13:19 am
{"scene":"home"} | 27/12 1:13:19 am
{"g":{"baucua":{"view":true,"regOpen":true}}} | 27/12 1:13:23 am
{"g":{"baucua":{"view":false}}} | 27/12 1:13:24 am
{"g":{"caothap":{"play":{"reconnect":true}}}} | 27/12 1:13:28 am
{"g":{"caothap":{"play":{"newGame":{"cuoc":"1000"}}}}} | 27/12 1:13:30 am
{"g":{"caothap":{"play":{"select":false}}}} | 27/12 1:13:32 am
{"scene":"bc"} | 27/12 1:13:41 am
{"g":{"fish":{"reg":{"room":"3","balans":"5000000"}}}} | 27/12 1:13:44 am
{"g":{"fish":{"typeBet":5}}} | 27/12 1:13:46 am
{"g":{"fish":{"bullet":{"id":0,"x":-13.196222455403927,"y":-13.608604407135317}}}} | 27/12 1:13:47 am
{"g":{"fish":{"bullet":{"id":1,"x":415.6810073452257,"y":-152.16894018887723}}}} | 27/12 1:13:47 am
{"g":{"fish":{"bullet":{"id":2,"x":366.19517313746064,"y":-173.6128016789087}}}} | 27/12 1:13:48 am
{"g":{"fish":{"collision":{"id":1,"f":9}}}} | 27/12 1:13:48 am
{"g":{"fish":{"bullet":{"id":3,"x":-203.71668415529905,"y":-74.64113326337878}}}} | 27/12 1:13:48 am
{"g":{"fish":{"collision":{"id":2,"f":9}}}} | 27/12 1:13:48 am
{"g":{"fish":{"bullet":{"id":4,"x":-295.2654774396642,"y":-56.49632738719828}}}} | 27/12 1:13:48 am
{"g":{"fish":{"bullet":{"id":5,"x":-341.45225603357824,"y":-51.54774396642182}}}} | 27/12 1:13:48 am
{"g":{"fish":{"collision":{"id":0,"f":4}}}} | 27/12 1:13:48 am
{"g":{"fish":{"collision":{"id":4,"f":1}}}} | 27/12 1:13:48 am
{"g":{"fish":{"bullet":{"id":6,"x":-343.92654774396664,"y":11.959076600209869}}}} | 27/12 1:13:48 am
{"g":{"fish":{"collision":{"id":5,"f":1}}}} | 27/12 1:13:49 am
{"g":{"fish":{"collision":{"id":3,"f":6}}}} | 27/12 1:13:49 am
{"g":{"fish":{"bullet":{"id":7,"x":-259.8006295907662,"y":33.40293809024138}}}} | 27/12 1:13:49 am
{"g":{"fish":{"collision":{"id":6,"f":1}}}} | 27/12 1:13:49 am
{"g":{"fish":{"bullet":{"id":8,"x":-292.79118572927615,"y":49.07345225603359}}}} | 27/12 1:13:49 am
{"g":{"fish":{"collision":{"id":7,"f":5}}}} | 27/12 1:13:49 am
{"g":{"fish":{"bullet":{"id":9,"x":-222.68625393494244,"y":116.70409233997907}}}} | 27/12 1:13:49 am
{"g":{"fish":{"collision":{"id":8,"f":0}}}} | 27/12 1:13:49 am
{"g":{"fish":{"collision":{"id":8,"f":11}}}} | 27/12 1:13:49 am
{"g":{"fish":{"bullet":{"id":10,"x":-170.7261280167893,"y":148.0451206715635}}}} | 27/12 1:13:49 am
{"g":{"fish":{"collision":{"id":9,"f":0}}}} | 27/12 1:13:49 am
{"g":{"fish":{"collision":{"id":9,"f":11}}}} | 27/12 1:13:49 am
{"g":{"fish":{"bullet":{"id":11,"x":-50.31059811122793,"y":190.10807974816373}}}} | 27/12 1:13:49 am
{"g":{"fish":{"collision":{"id":10,"f":1}}}} | 27/12 1:13:50 am
{"g":{"fish":{"bullet":{"id":12,"x":73.40398740818455,"y":190.9328436516265}}}} | 27/12 1:13:50 am
{"g":{"fish":{"bullet":{"id":13,"x":154.2308499475339,"y":172.788037775446}}}} | 27/12 1:13:50 am
{"g":{"fish":{"collision":{"id":11,"f":8}}}} | 27/12 1:13:50 am
{"g":{"fish":{"bullet":{"id":14,"x":131.13746065057694,"y":161.24134312696754}}}} | 27/12 1:13:50 am
{"g":{"fish":{"collision":{"id":12,"f":7}}}} | 27/12 1:13:50 am
{"g":{"fish":{"bullet":{"id":15,"x":-167.42707240293828,"y":32.57817418677854}}}} | 27/12 1:13:50 am
{"g":{"fish":{"bullet":{"id":16,"x":-160.00419727177348,"y":-87.83735571878282}}}} | 27/12 1:13:50 am
{"g":{"fish":{"collision":{"id":15,"f":0}}}} | 27/12 1:13:51 am
{"g":{"fish":{"collision":{"id":15,"f":11}}}} | 27/12 1:13:51 am
{"g":{"fish":{"collision":{"id":14,"f":3}}}} | 27/12 1:13:51 am
{"g":{"fish":{"bullet":{"id":17,"x":-190.52046169989524,"y":-123.30220356768103}}}} | 27/12 1:13:51 am
{"g":{"fish":{"collision":{"id":13,"f":8}}}} | 27/12 1:13:51 am
{"g":{"fish":{"collision":{"id":16,"f":18}}}} | 27/12 1:13:51 am
{"g":{"fish":{"bullet":{"id":18,"x":-239.1815320041975,"y":-209.9024134312697}}}} | 27/12 1:13:51 am
{"g":{"fish":{"collision":{"id":17,"f":1}}}} | 27/12 1:13:51 am
{"g":{"fish":{"collision":{"id":18,"f":7}}}} | 27/12 1:13:51 am
{"g":{"fish":{"bullet":{"id":19,"x":-240.00629590766016,"y":-201.65477439664224}}}} | 27/12 1:13:51 am
{"g":{"fish":{"bullet":{"id":20,"x":-145.98321091290677,"y":68.86778593913954}}}} | 27/12 1:13:51 am
{"g":{"fish":{"collision":{"id":19,"f":8}}}} | 27/12 1:13:51 am
{"g":{"fish":{"bullet":{"id":21,"x":-4.948583420776686,"y":169.48898216159495}}}} | 27/12 1:13:51 am
{"g":{"fish":{"collision":{"id":21,"f":12}}}} | 27/12 1:13:51 am
{"g":{"fish":{"collision":{"id":20,"f":11}}}} | 27/12 1:13:52 am
{"g":{"fish":{"bullet":{"id":22,"x":766.2056663168939,"y":-71.34207764952782}}}} | 27/12 1:13:52 am
{"g":{"fish":{"collision":{"id":22,"f":16}}}} | 27/12 1:13:52 am
{"g":{"fish":{"bullet":{"id":23,"x":762.9066107030428,"y":-139.79748163693603}}}} | 27/12 1:13:52 am
{"g":{"fish":{"bullet":{"id":24,"x":702.6988457502623,"y":-226.39769150052464}}}} | 27/12 1:13:52 am
{"g":{"fish":{"bullet":{"id":25,"x":685.3788037775444,"y":-251.9653725078699}}}} | 27/12 1:13:52 am
{"g":{"fish":{"collision":{"id":24,"f":15}}}} | 27/12 1:13:52 am
{"g":{"fish":{"collision":{"id":23,"f":11}}}} | 27/12 1:13:52 am
{"g":{"fish":{"bullet":{"id":26,"x":669.7082896117522,"y":-273.40923399790137}}}} | 27/12 1:13:52 am
{"g":{"fish":{"collision":{"id":25,"f":15}}}} | 27/12 1:13:52 am
{"g":{"fish":{"bullet":{"id":27,"x":613.6243441762854,"y":-281.65687303252884}}}} | 27/12 1:13:53 am
{"g":{"fish":{"collision":{"id":26,"f":14}}}} | 27/12 1:13:53 am
{"g":{"fish":{"bullet":{"id":28,"x":538.570828961175,"y":-284.95592864637985}}}} | 27/12 1:13:53 am
{"g":{"fish":{"bullet":{"id":29,"x":527.0241343126966,"y":-242.06820566631689}}}} | 27/12 1:13:53 am
{"g":{"fish":{"collision":{"id":27,"f":2}}}} | 27/12 1:13:53 am
{"g":{"fish":{"collision":{"id":28,"f":14}}}} | 27/12 1:13:53 am
{"g":{"fish":{"collision":{"id":29,"f":17}}}} | 27/12 1:13:53 am
{"g":{"fish":{"bullet":{"id":30,"x":523.7250786988457,"y":-204.95383001049316}}}} | 27/12 1:13:53 am
{"g":{"fish":{"collision":{"id":30,"f":4}}}} | 27/12 1:13:53 am
{"g":{"fish":{"bullet":{"id":31,"x":525.374606505771,"y":-191.75760755508918}}}} | 27/12 1:13:53 am
{"g":{"fish":{"bullet":{"id":32,"x":528.6736621196222,"y":-204.1290661070304}}}} | 27/12 1:13:54 am
{"g":{"fish":{"collision":{"id":31,"f":4}}}} | 27/12 1:13:54 am
{"g":{"fish":{"bullet":{"id":33,"x":310.1112277019937,"y":-91.9611752360965}}}} | 27/12 1:13:54 am
{"g":{"fish":{"collision":{"id":32,"f":4}}}} | 27/12 1:13:54 am
{"g":{"fish":{"collision":{"id":33,"f":4}}}} | 27/12 1:13:54 am
{"g":{"fish":{"bullet":{"id":34,"x":197.9433368310598,"y":-84.53830010493175}}}} | 27/12 1:13:54 am
{"g":{"fish":{"bullet":{"id":35,"x":194.6442812172088,"y":-87.83735571878276}}}} | 27/12 1:13:54 am
{"g":{"fish":{"bullet":{"id":36,"x":237.5320041972717,"y":-87.83735571878276}}}} | 27/12 1:13:54 am
{"g":{"fish":{"collision":{"id":36,"f":4}}}} | 27/12 1:13:55 am
{"g":{"fish":{"collision":{"id":34,"f":2}}}} | 27/12 1:13:55 am
{"g":{"fish":{"bullet":{"id":37,"x":489.9097586568729,"y":-78.76495278069251}}}} | 27/12 1:13:55 am
{"g":{"fish":{"collision":{"id":35,"f":2}}}} | 27/12 1:13:55 am
{"g":{"fish":{"bullet":{"id":38,"x":620.2224554039873,"y":-157.94228751311647}}}} | 27/12 1:13:55 am
{"g":{"fish":{"bullet":{"id":39,"x":565.7880377754459,"y":-163.71563483735576}}}} | 27/12 1:13:55 am
{"g":{"fish":{"collision":{"id":37,"f":4}}}} | 27/12 1:13:55 am
{"g":{"fish":{"collision":{"id":38,"f":4}}}} | 27/12 1:13:55 am
{"g":{"fish":{"bullet":{"id":40,"x":547.6432318992654,"y":-148.86988457502628}}}} | 27/12 1:13:55 am
{"g":{"fish":{"bullet":{"id":41,"x":547.6432318992654,"y":-145.57082896117527}}}} | 27/12 1:13:56 am
{"g":{"fish":{"collision":{"id":39,"f":0}}}} | 27/12 1:13:56 am
{"g":{"fish":{"bullet":{"id":42,"x":569.9118572927596,"y":-101.85834207764958}}}} | 27/12 1:13:56 am
{"g":{"fish":{"collision":{"id":40,"f":11}}}} | 27/12 1:13:56 am
{"g":{"fish":{"bullet":{"id":43,"x":529.4984260230849,"y":17.732423924449108}}}} | 27/12 1:13:56 am
{"g":{"fish":{"collision":{"id":41,"f":11}}}} | 27/12 1:13:56 am
{"g":{"fish":{"bullet":{"id":44,"x":468.4658971668414,"y":56.496327387198335}}}} | 27/12 1:13:56 am
{"g":{"fish":{"collision":{"id":42,"f":11}}}} | 27/12 1:13:56 am
{"g":{"fish":{"bullet":{"id":45,"x":468.4658971668414,"y":56.496327387198335}}}} | 27/12 1:13:56 am
{"g":{"fish":{"collision":{"id":43,"f":4}}}} | 27/12 1:13:56 am
{"g":{"fish":{"bullet":{"id":46,"x":472.58971668415506,"y":61.44491080797485}}}} | 27/12 1:13:57 am
{"g":{"fish":{"collision":{"id":45,"f":24}}}} | 27/12 1:13:57 am
{"g":{"fish":{"bullet":{"id":47,"x":492.3840503672611,"y":-15.258132214060822}}}} | 27/12 1:13:57 am
{"g":{"fish":{"collision":{"id":44,"f":4}}}} | 27/12 1:13:57 am
{"g":{"fish":{"collision":{"id":46,"f":24}}}} | 27/12 1:13:57 am
{"g":{"fish":{"bullet":{"id":48,"x":202.06715634837337,"y":-53.197271773347325}}}} | 27/12 1:13:57 am
{"g":{"fish":{"collision":{"id":47,"f":24}}}} | 27/12 1:13:57 am
{"g":{"fish":{"collision":{"id":48,"f":4}}}} | 27/12 1:13:57 am
{"g":{"fish":{"bullet":{"id":49,"x":152.58132214060845,"y":-40.825813221406065}}}} | 27/12 1:13:57 am
{"g":{"fish":{"collision":{"id":49,"f":4}}}} | 27/12 1:13:57 am
{"g":{"fish":{"bullet":{"id":50,"x":17.320041972717604,"y":-72.16684155299055}}}} | 27/12 1:13:57 am
{"g":{"fish":{"bullet":{"id":51,"x":-7.422875131164915,"y":-95.2602308499475}}}} | 27/12 1:13:58 am
{"g":{"fish":{"collision":{"id":50,"f":19}}}} | 27/12 1:13:58 am
{"g":{"fish":{"collision":{"id":51,"f":2}}}} | 27/12 1:13:58 am
{"g":{"fish":{"bullet":{"id":52,"x":571.5613850996851,"y":-49.073452256033534}}}} | 27/12 1:13:58 am
{"g":{"fish":{"bullet":{"id":53,"x":605.3767051416578,"y":-63.0944386149003}}}} | 27/12 1:13:58 am
{"g":{"fish":{"collision":{"id":53,"f":27}}}} | 27/12 1:13:58 am
{"g":{"fish":{"collision":{"id":53,"f":30}}}} | 27/12 1:13:58 am
{"g":{"fish":{"bullet":{"id":54,"x":618.5729275970618,"y":-121.65267576075547}}}} | 27/12 1:13:58 am
{"g":{"fish":{"collision":{"id":52,"f":1}}}} | 27/12 1:13:58 am
{"g":{"fish":{"collision":{"id":54,"f":27}}}} | 27/12 1:13:58 am
{"g":{"fish":{"collision":{"id":54,"f":30}}}} | 27/12 1:13:58 am
{"g":{"fish":{"bullet":{"id":55,"x":615.2738719832107,"y":-135.67366211962224}}}} | 27/12 1:13:58 am
{"g":{"fish":{"collision":{"id":55,"f":27}}}} | 27/12 1:13:59 am
{"g":{"fish":{"collision":{"id":55,"f":30}}}} | 27/12 1:13:59 am
{"g":{"fish":{"bullet":{"id":56,"x":595.4795383001049,"y":-124.12696747114376}}}} | 27/12 1:13:59 am
{"g":{"fish":{"collision":{"id":56,"f":27}}}} | 27/12 1:13:59 am
{"g":{"fish":{"collision":{"id":56,"f":30}}}} | 27/12 1:13:59 am
{"g":{"fish":{"bullet":{"id":57,"x":580.6337880377753,"y":-107.63168940188876}}}} | 27/12 1:13:59 am
{"g":{"fish":{"collision":{"id":57,"f":30}}}} | 27/12 1:13:59 am
{"g":{"fish":{"bullet":{"id":58,"x":578.1594963273872,"y":-105.98216159496326}}}} | 27/12 1:13:59 am
{"g":{"fish":{"collision":{"id":58,"f":30}}}} | 27/12 1:13:59 am
{"g":{"fish":{"outgame":true}}} | 27/12 1:14:01 am
{"scene":"home"} | 27/12 1:14:03 am
{"scene":"momo"} | 27/12 1:14:05 am
{"scene":"home"} | 27/12 1:14:10 am
{"scene":"royal"} | 27/12 1:14:29 am
{"g":{"royal":{"spin":{"cuoc":"10000","red":true,"line":[1,2,3,4,5,6,7,8,9,10,11,12,13,14,15,16,17,18,19,20]}}}} | 27/12 1:14:31 am
{"g":{"royal":{"spin":{"cuoc":"10000","red":true,"line":[1,2,3,4,5,6,7,8,9,10,11,12,13,14,15,16,17,18,19,20]}}}} | 27/12 1:14:34 am
{"g":{"royal":{"spin":{"cuoc":"10000","red":true,"line":[1,2,3,4,5,6,7,8,9,10,11,12,13,14,15,16,17,18,19,20]}}}} | 27/12 1:14:36 am
{"g":{"royal":{"spin":{"cuoc":"10000","red":true,"line":[1,2,3,4,5,6,7,8,9,10,11,12,13,14,15,16,17,18,19,20]}}}} | 27/12 1:14:38 am
{"g":{"royal":{"spin":{"cuoc":"10000","red":true,"line":[1,2,3,4,5,6,7,8,9,10,11,12,13,14,15,16,17,18,19,20]}}}} | 27/12 1:14:40 am
{"scene":"home"} | 27/12 1:14:44 am
{"nhiemvu":100} | 27/12 1:14:46 am
{"nhanthuong":{"id":103,"tennv":"Tài Xỉu","noidung":"Thắng 1 ván tài xỉu tối thiếu 1.000.000","phanthuong":"20000","dieukien":"1000000"}} | 27/12 1:14:47 am
