{"signName":"sadfdasd"} | 26/12 3:08:57 am
{"user":{"update_device":{"is_browser":true,"os":"Windows"},"ip":"123.25.253.106"}} | 26/12 3:08:58 am
{"user":{"update_device":{"is_browser":true,"os":"Windows"},"ip":"123.25.253.106"}} | 26/12 3:08:59 am
{"shop":{"bank":{"list":true}}} | 26/12 3:09:00 am
{"captcha":"chargeCard"} | 26/12 3:09:01 am
{"shop":{"wallet":{"gate":"momo"}}} | 26/12 3:09:02 am
{"shop":{"bank":{"list":true}}} | 26/12 3:09:02 am
{"user":{"update_device":{"is_browser":true,"os":"Windows"},"ip":"123.25.253.106"}} | 26/12 3:11:34 am
{"taixiu":{"view":true,"getLogs":true}} | 26/12 3:11:34 am
{"user":{"update_device":{"is_browser":true,"os":"Windows"},"ip":"123.25.253.106"}} | 26/12 3:11:34 am
{"taixiu":{"cuoc":{"red":true,"taixiu":true,"select":false,"bet":10000}}} | 26/12 3:13:23 am
{"user":{"updateCoint":true}} | 26/12 3:13:23 am
{"taixiu":{"get_new":true}} | 26/12 3:14:11 am
{"taixiu":{"cuoc":{"red":true,"taixiu":true,"select":false,"bet":10000}}} | 26/12 3:14:29 am
{"user":{"updateCoint":true}} | 26/12 3:14:29 am
{"taixiu":{"cuoc":{"red":true,"taixiu":true,"select":false,"bet":50000}}} | 26/12 3:14:34 am
{"user":{"updateCoint":true}} | 26/12 3:14:34 am
{"taixiu":{"cuoc":{"red":true,"taixiu":true,"select":false,"bet":40000}}} | 26/12 3:14:38 am
{"user":{"updateCoint":true}} | 26/12 3:14:38 am
{"shop":{"get_daily":true}} | 26/12 3:14:44 am
{"taixiu":{"getLogChat":true}} | 26/12 3:14:44 am
{"taixiu":{"get_new":true}} | 26/12 3:15:28 am
{"taixiu":{"cuoc":{"red":true,"taixiu":true,"select":false,"bet":100000000}}} | 26/12 3:16:02 am
{"user":{"updateCoint":true}} | 26/12 3:16:02 am
{"taixiu":{"cuoc":{"red":true,"taixiu":true,"select":false,"bet":300000}}} | 26/12 3:16:10 am
{"user":{"updateCoint":true}} | 26/12 3:16:10 am
{"taixiu":{"get_new":true}} | 26/12 3:16:45 am
{"taixiu":{"view":false}} | 26/12 3:18:36 am
{"user":{"update_device":{"is_browser":true,"os":"Windows"},"ip":"123.25.253.106"}} | 26/12 3:20:12 am
{"user":{"update_device":{"is_browser":true,"os":"Windows"},"ip":"123.25.253.106"}} | 26/12 3:20:12 am
{"user":{"update_device":{"is_browser":true,"os":"Windows"},"ip":"123.25.253.106"}} | 26/12 3:21:14 am
{"user":{"update_device":{"is_browser":true,"os":"Windows"},"ip":"123.25.253.106"}} | 26/12 3:21:14 am
{"user":{"x2nap":{"get_process":{"gate":"bank"}}}} | 26/12 3:21:26 am
{"user":{"x2nap":{"get_process":{"gate":"momo"}}}} | 26/12 3:21:26 am
{"user":{"x2nap":{"get_process":{"gate":"viettelpay"}}}} | 26/12 3:21:26 am
{"user":{"getLevel":true}} | 26/12 3:21:41 am
{"user":{"history":{"nap_red":{"page":1}}}} | 26/12 3:21:42 am
{"captcha":"regOTP"} | 26/12 3:21:42 am
{"user":{"getLevel":true}} | 26/12 3:21:43 am
{"user":{"history":{"nap_red":{"page":1}}}} | 26/12 3:21:44 am
{"captcha":"regOTP"} | 26/12 3:21:45 am
{"user":{"getLevel":true}} | 26/12 3:21:47 am
{"taixiu":{"view":true,"getLogs":true}} | 26/12 3:21:50 am
{"shop":{"get_daily":true}} | 26/12 3:21:54 am
{"taixiu":{"getLogChat":true}} | 26/12 3:21:54 am
{"taixiu":{"view":false}} | 26/12 3:22:09 am
{"taixiu":{"view":true}} | 26/12 3:24:48 am
{"taixiu":{"view":false}} | 26/12 3:24:51 am
{"taixiu":{"view":true}} | 26/12 3:24:53 am
{"taixiu":{"view":false}} | 26/12 3:28:55 am
{"taixiu":{"view":true}} | 26/12 3:30:26 am
{"taixiu":{"chat":"YOUTUBE: SOURCE ALL"}} | 26/12 3:30:51 am
{"taixiu":{"view":false}} | 26/12 3:31:00 am
{"user":{"getLevel":true}} | 26/12 3:31:03 am
{"user":{"history":{"nap_red":{"page":1}}}} | 26/12 3:31:05 am
{"user":{"getLevel":true}} | 26/12 3:31:06 am
{"user":{"history":{"nap_red":{"page":1}}}} | 26/12 3:31:06 am
{"user":{"history":{"mua_the":{"page":1}}}} | 26/12 3:31:07 am
{"user":{"history":{"bank":{"page":1}}}} | 26/12 3:31:08 am
{"user":{"history":{"chuyen_red":{"page":1}}}} | 26/12 3:31:09 am
{"taixiu":{"view":true}} | 26/12 3:31:11 am
{"taixiu":{"cuoc":{"red":true,"taixiu":true,"select":true,"bet":200000000}}} | 26/12 3:31:16 am
{"user":{"updateCoint":true}} | 26/12 3:31:16 am
{"taixiu":{"cuoc":{"red":true,"taixiu":true,"select":true,"bet":300000000}}} | 26/12 3:31:18 am
{"user":{"updateCoint":true}} | 26/12 3:31:18 am
{"taixiu":{"cuoc":{"red":true,"taixiu":true,"select":true,"bet":20000000}}} | 26/12 3:31:21 am
{"user":{"updateCoint":true}} | 26/12 3:31:21 am
{"taixiu":{"get_new":true}} | 26/12 3:32:06 am
{"taixiu":{"view":false}} | 26/12 3:32:08 am
{"g":{"casino":{"getBalance":true}}} | 26/12 3:32:10 am
{"g":{"casino":{"getPlayData":{"platform":"desktop"}}}} | 26/12 3:32:10 am
{"user":{"history":{"chuyen_red":{"page":1}}}} | 26/12 3:32:28 am
{"user":{"getLevel":true}} | 26/12 3:32:28 am
{"user":{"history":{"chuyen_red":{"page":1}}}} | 26/12 3:32:29 am
{"captcha":"regOTP"} | 26/12 3:32:31 am
{"scene":"bc"} | 26/12 3:32:56 am
{"g":{"fish":{"reg":{"room":"3","balans":"5000000"}}}} | 26/12 3:32:59 am
{"g":{"fish":{"bullet":{"id":0,"x":59.01414581066376,"y":-14.967355821545198}}}} | 26/12 3:33:00 am
{"g":{"fish":{"typeBet":5}}} | 26/12 3:33:01 am
{"g":{"fish":{"bullet":{"id":1,"x":-179.6082698585418,"y":-84.2448313384113}}}} | 26/12 3:33:02 am
{"g":{"fish":{"bullet":{"id":2,"x":-419.9412404787812,"y":-23.520130576713825}}}} | 26/12 3:33:02 am
{"g":{"fish":{"bullet":{"id":3,"x":-366.9140369967355,"y":-26.94124047878131}}}} | 26/12 3:33:02 am
{"g":{"fish":{"collision":{"id":2,"f":7}}}} | 26/12 3:33:02 am
{"g":{"fish":{"collision":{"id":2,"f":8}}}} | 26/12 3:33:02 am
{"g":{"fish":{"collision":{"id":2,"f":9}}}} | 26/12 3:33:02 am
{"g":{"fish":{"bullet":{"id":4,"x":248.88574537540808,"y":-81.67899891186073}}}} | 26/12 3:33:02 am
{"g":{"fish":{"collision":{"id":1,"f":11}}}} | 26/12 3:33:02 am
{"g":{"fish":{"bullet":{"id":5,"x":453.29706202393913,"y":-85.10010881392822}}}} | 26/12 3:33:02 am
{"g":{"fish":{"bullet":{"id":6,"x":607.247007616975,"y":-31.217627856365652}}}} | 26/12 3:33:03 am
{"g":{"fish":{"bullet":{"id":7,"x":693.6300326441785,"y":8.125136017410227}}}} | 26/12 3:33:03 am
{"g":{"fish":{"bullet":{"id":8,"x":786,"y":31.217627856365596}}}} | 26/12 3:33:03 am
{"g":{"fish":{"bullet":{"id":9,"x":695.3405875952121,"y":127.00870511425455}}}} | 26/12 3:33:03 am
{"g":{"fish":{"collision":{"id":3,"f":0}}}} | 26/12 3:33:03 am
{"g":{"fish":{"collision":{"id":3,"f":2}}}} | 26/12 3:33:03 am
{"g":{"fish":{"bullet":{"id":10,"x":572.1806311207833,"y":162.0750816104461}}}} | 26/12 3:33:03 am
{"g":{"fish":{"collision":{"id":6,"f":8}}}} | 26/12 3:33:03 am
{"g":{"fish":{"collision":{"id":6,"f":9}}}} | 26/12 3:33:03 am
{"g":{"fish":{"collision":{"id":9,"f":0}}}} | 26/12 3:33:04 am
{"g":{"fish":{"collision":{"id":9,"f":2}}}} | 26/12 3:33:04 am
{"g":{"fish":{"bullet":{"id":11,"x":561.0620239390638,"y":158.65397170837866}}}} | 26/12 3:33:04 am
{"g":{"fish":{"collision":{"id":7,"f":9}}}} | 26/12 3:33:04 am
{"g":{"fish":{"collision":{"id":10,"f":11}}}} | 26/12 3:33:04 am
{"g":{"fish":{"bullet":{"id":12,"x":558.4961915125133,"y":150.10119695320998}}}} | 26/12 3:33:04 am
{"g":{"fish":{"collision":{"id":0,"f":5}}}} | 26/12 3:33:04 am
{"g":{"fish":{"collision":{"id":11,"f":6}}}} | 26/12 3:33:04 am
{"g":{"fish":{"collision":{"id":4,"f":5}}}} | 26/12 3:33:04 am
{"g":{"fish":{"bullet":{"id":13,"x":558.4961915125133,"y":150.10119695320998}}}} | 26/12 3:33:04 am
{"g":{"fish":{"collision":{"id":12,"f":6}}}} | 26/12 3:33:04 am
{"g":{"fish":{"bullet":{"id":14,"x":558.4961915125132,"y":146.68008705114255}}}} | 26/12 3:33:04 am
{"g":{"fish":{"collision":{"id":13,"f":2}}}} | 26/12 3:33:04 am
{"g":{"fish":{"collision":{"id":13,"f":6}}}} | 26/12 3:33:04 am
{"g":{"fish":{"bullet":{"id":15,"x":558.4961915125132,"y":146.68008705114255}}}} | 26/12 3:33:04 am
{"g":{"fish":{"collision":{"id":5,"f":4}}}} | 26/12 3:33:05 am
{"g":{"fish":{"collision":{"id":14,"f":2}}}} | 26/12 3:33:05 am
{"g":{"fish":{"bullet":{"id":16,"x":558.4961915125132,"y":146.68008705114255}}}} | 26/12 3:33:05 am
{"g":{"fish":{"collision":{"id":15,"f":0}}}} | 26/12 3:33:05 am
{"g":{"fish":{"bullet":{"id":17,"x":558.4961915125132,"y":146.68008705114255}}}} | 26/12 3:33:05 am
{"g":{"fish":{"collision":{"id":16,"f":0}}}} | 26/12 3:33:05 am
{"g":{"fish":{"bullet":{"id":18,"x":558.4961915125132,"y":146.68008705114255}}}} | 26/12 3:33:05 am
{"g":{"fish":{"collision":{"id":8,"f":4}}}} | 26/12 3:33:05 am
{"g":{"fish":{"collision":{"id":17,"f":0}}}} | 26/12 3:33:05 am
{"g":{"fish":{"collision":{"id":18,"f":2}}}} | 26/12 3:33:05 am
{"g":{"fish":{"outgame":true}}} | 26/12 3:33:08 am
{"g":{"fish":{"log":1}}} | 26/12 3:33:16 am
{"g":{"fish":{"log":1}}} | 26/12 3:33:18 am
{"g":{"fish":{"reg":{"room":"3","balans":"5000000"}}}} | 26/12 3:33:21 am
{"g":{"fish":{"typeBet":5}}} | 26/12 3:33:23 am
{"g":{"fish":{"bullet":{"id":0,"x":-178.75299238302512,"y":98.78454842219804}}}} | 26/12 3:33:24 am
{"g":{"fish":{"bullet":{"id":1,"x":-212.10881392818283,"y":7.26985854189337}}}} | 26/12 3:33:24 am
{"g":{"fish":{"bullet":{"id":2,"x":329.2818280739933,"y":-16.67791077257891}}}} | 26/12 3:33:24 am
{"g":{"fish":{"bullet":{"id":3,"x":537.9695321001087,"y":3.848748639825885}}}} | 26/12 3:33:24 am
{"g":{"fish":{"collision":{"id":2,"f":1}}}} | 26/12 3:33:24 am
{"g":{"fish":{"bullet":{"id":4,"x":631.1947769314472,"y":3.848748639825885}}}} | 26/12 3:33:24 am
{"g":{"fish":{"bullet":{"id":5,"x":571.3253536452667,"y":-43.191512513601765}}}} | 26/12 3:33:25 am
{"g":{"fish":{"bullet":{"id":6,"x":23.94776931447234,"y":-151.81175190424375}}}} | 26/12 3:33:25 am
{"g":{"fish":{"collision":{"id":5,"f":1}}}} | 26/12 3:33:25 am
{"g":{"fish":{"bullet":{"id":7,"x":-177.04243743199117,"y":-147.5353645266594}}}} | 26/12 3:33:25 am
{"g":{"fish":{"collision":{"id":3,"f":2}}}} | 26/12 3:33:25 am
{"g":{"fish":{"collision":{"id":3,"f":9}}}} | 26/12 3:33:25 am
{"g":{"fish":{"collision":{"id":3,"f":10}}}} | 26/12 3:33:25 am
{"g":{"fish":{"collision":{"id":1,"f":0}}}} | 26/12 3:33:25 am
{"g":{"fish":{"collision":{"id":4,"f":8}}}} | 26/12 3:33:25 am
{"g":{"fish":{"bullet":{"id":8,"x":23.092491838955425,"y":-131.28509249183895}}}} | 26/12 3:33:25 am
{"g":{"fish":{"collision":{"id":0,"f":7}}}} | 26/12 3:33:25 am
{"g":{"fish":{"collision":{"id":6,"f":7}}}} | 26/12 3:33:25 am
{"g":{"fish":{"bullet":{"id":9,"x":633.7606093579981,"y":-13.256800870511427}}}} | 26/12 3:33:25 am
{"g":{"fish":{"bullet":{"id":10,"x":605.5364526659414,"y":-119.31120783460284}}}} | 26/12 3:33:26 am
{"g":{"fish":{"collision":{"id":8,"f":7}}}} | 26/12 3:33:26 am
{"g":{"fish":{"bullet":{"id":11,"x":515.7323177366707,"y":-199.7072905331883}}}} | 26/12 3:33:26 am
{"g":{"fish":{"collision":{"id":10,"f":3}}}} | 26/12 3:33:26 am
{"g":{"fish":{"bullet":{"id":12,"x":413.0990206746467,"y":-220.2339499455931}}}} | 26/12 3:33:26 am
{"g":{"fish":{"collision":{"id":9,"f":8}}}} | 26/12 3:33:26 am
{"g":{"fish":{"collision":{"id":11,"f":3}}}} | 26/12 3:33:26 am
{"g":{"fish":{"bullet":{"id":13,"x":335.26877040261184,"y":-221.94450489662682}}}} | 26/12 3:33:26 am
{"g":{"fish":{"collision":{"id":7,"f":3}}}} | 26/12 3:33:26 am
{"g":{"fish":{"bullet":{"id":14,"x":537.9695321001091,"y":-197.99673558215463}}}} | 26/12 3:33:26 am
{"g":{"fish":{"collision":{"id":12,"f":3}}}} | 26/12 3:33:26 am
{"g":{"fish":{"bullet":{"id":15,"x":626.9183895538631,"y":-180.03590859630046}}}} | 26/12 3:33:27 am
{"g":{"fish":{"collision":{"id":13,"f":3}}}} | 26/12 3:33:27 am
{"g":{"fish":{"collision":{"id":14,"f":3}}}} | 26/12 3:33:27 am
{"g":{"fish":{"bullet":{"id":16,"x":511.4559303590863,"y":-233.06311207834614}}}} | 26/12 3:33:27 am
{"g":{"fish":{"collision":{"id":15,"f":3}}}} | 26/12 3:33:27 am
{"g":{"fish":{"bullet":{"id":17,"x":455.8628944504899,"y":-249.3133841131666}}}} | 26/12 3:33:27 am
{"g":{"fish":{"collision":{"id":16,"f":3}}}} | 26/12 3:33:27 am
{"g":{"fish":{"bullet":{"id":18,"x":456.7181719260068,"y":-227.07616974972808}}}} | 26/12 3:33:27 am
{"g":{"fish":{"collision":{"id":17,"f":3}}}} | 26/12 3:33:27 am
{"g":{"fish":{"bullet":{"id":19,"x":138.55495103373255,"y":-167.20674646354746}}}} | 26/12 3:33:27 am
{"g":{"fish":{"collision":{"id":19,"f":4}}}} | 26/12 3:33:28 am
{"g":{"fish":{"bullet":{"id":20,"x":105.19912948857484,"y":-191.15451577801971}}}} | 26/12 3:33:28 am
{"g":{"fish":{"collision":{"id":18,"f":3}}}} | 26/12 3:33:28 am
{"g":{"fish":{"bullet":{"id":21,"x":-95.83996311157182,"y":-199.4848545088707}}}} | 26/12 3:33:28 am
{"g":{"fish":{"bullet":{"id":22,"x":-100.06746463547336,"y":-203.9836779107726}}}} | 26/12 3:33:28 am
{"g":{"fish":{"collision":{"id":20,"f":0}}}} | 26/12 3:33:28 am
{"g":{"fish":{"collision":{"id":21,"f":4}}}} | 26/12 3:33:28 am
{"g":{"fish":{"bullet":{"id":23,"x":49.606093579978165,"y":-200.5625680087051}}}} | 26/12 3:33:28 am
{"g":{"fish":{"collision":{"id":22,"f":4}}}} | 26/12 3:33:28 am
{"g":{"fish":{"bullet":{"id":24,"x":145.39717083786718,"y":-183.4570184983678}}}} | 26/12 3:33:28 am
{"g":{"fish":{"bullet":{"id":25,"x":295.9260065288357,"y":-167.20674646354735}}}} | 26/12 3:33:29 am
{"g":{"fish":{"collision":{"id":23,"f":0}}}} | 26/12 3:33:29 am
{"g":{"fish":{"collision":{"id":25,"f":4}}}} | 26/12 3:33:29 am
{"g":{"fish":{"bullet":{"id":26,"x":356.6507072905332,"y":-166.3514689880305}}}} | 26/12 3:33:29 am
{"g":{"fish":{"bullet":{"id":27,"x":371.19042437431995,"y":-164.64091403699675}}}} | 26/12 3:33:29 am
{"g":{"fish":{"collision":{"id":24,"f":7}}}} | 26/12 3:33:29 am
{"g":{"fish":{"bullet":{"id":28,"x":374.6115342763874,"y":-169.77257889009795}}}} | 26/12 3:33:29 am
{"g":{"fish":{"collision":{"id":26,"f":19}}}} | 26/12 3:33:29 am
{"g":{"fish":{"collision":{"id":26,"f":21}}}} | 26/12 3:33:29 am
{"g":{"fish":{"collision":{"id":27,"f":21}}}} | 26/12 3:33:29 am
{"g":{"fish":{"bullet":{"id":29,"x":369.4798694232861,"y":-195.43090315560391}}}} | 26/12 3:33:29 am
{"g":{"fish":{"bullet":{"id":30,"x":352.374319912949,"y":-205.6942328618063}}}} | 26/12 3:33:30 am
{"g":{"fish":{"collision":{"id":28,"f":19}}}} | 26/12 3:33:30 am
{"g":{"fish":{"bullet":{"id":31,"x":326.7159956474429,"y":-199.70729053318826}}}} | 26/12 3:33:30 am
{"g":{"fish":{"bullet":{"id":32,"x":-270.2676822633297,"y":-146.68008705114255}}}} | 26/12 3:33:30 am
{"g":{"fish":{"collision":{"id":30,"f":22}}}} | 26/12 3:33:30 am
{"g":{"fish":{"collision":{"id":32,"f":8}}}} | 26/12 3:33:30 am
{"g":{"fish":{"bullet":{"id":33,"x":-508.8900979325353,"y":-128.71926006528838}}}} | 26/12 3:33:30 am
{"g":{"fish":{"collision":{"id":31,"f":22}}}} | 26/12 3:33:30 am
{"g":{"fish":{"collision":{"id":29,"f":17}}}} | 26/12 3:33:30 am
{"g":{"fish":{"collision":{"id":33,"f":16}}}} | 26/12 3:33:30 am
{"g":{"fish":{"bullet":{"id":34,"x":-689.3536452665941,"y":-11.546245919477713}}}} | 26/12 3:33:30 am
{"g":{"fish":{"collision":{"id":34,"f":18}}}} | 26/12 3:33:31 am
{"g":{"fish":{"bullet":{"id":35,"x":-673.1033732317736,"y":125.29815016322084}}}} | 26/12 3:33:31 am
{"g":{"fish":{"collision":{"id":35,"f":18}}}} | 26/12 3:33:31 am
{"g":{"fish":{"bullet":{"id":36,"x":-642.3133841131664,"y":200.56256800870506}}}} | 26/12 3:33:31 am
{"g":{"fish":{"collision":{"id":36,"f":23}}}} | 26/12 3:33:31 am
{"g":{"fish":{"bullet":{"id":37,"x":-639.7475516866158,"y":209.11534276387374}}}} | 26/12 3:33:31 am
{"g":{"fish":{"collision":{"id":37,"f":6}}}} | 26/12 3:33:31 am
{"g":{"fish":{"bullet":{"id":38,"x":-656.8531011969532,"y":101.35038084874861}}}} | 26/12 3:33:32 am
{"g":{"fish":{"bullet":{"id":39,"x":-656.8531011969532,"y":101.35038084874861}}}} | 26/12 3:33:33 am
{"g":{"fish":{"collision":{"id":38,"f":2}}}} | 26/12 3:33:33 am
{"g":{"fish":{"bullet":{"id":40,"x":-647.4450489662676,"y":96.21871599564741}}}} | 26/12 3:33:33 am
{"g":{"fish":{"collision":{"id":39,"f":2}}}} | 26/12 3:33:33 am
{"g":{"fish":{"bullet":{"id":41,"x":-636.3264417845484,"y":81.67899891186067}}}} | 26/12 3:33:33 am
{"g":{"fish":{"collision":{"id":40,"f":5}}}} | 26/12 3:33:33 am
{"g":{"fish":{"bullet":{"id":42,"x":-636.3264417845484,"y":81.67899891186067}}}} | 26/12 3:33:33 am
{"g":{"fish":{"collision":{"id":41,"f":24}}}} | 26/12 3:33:33 am
{"g":{"fish":{"collision":{"id":42,"f":24}}}} | 26/12 3:33:33 am
{"g":{"fish":{"bullet":{"id":43,"x":129.14689880304684,"y":274.11643090315556}}}} | 26/12 3:33:34 am
{"g":{"fish":{"bullet":{"id":44,"x":333.5582154515778,"y":281.81392818280733}}}} | 26/12 3:33:34 am
{"g":{"fish":{"collision":{"id":44,"f":27}}}} | 26/12 3:33:34 am
{"g":{"fish":{"bullet":{"id":45,"x":378.8879216539717,"y":279.2480957562568}}}} | 26/12 3:33:34 am
{"g":{"fish":{"collision":{"id":43,"f":11}}}} | 26/12 3:33:34 am
{"g":{"fish":{"collision":{"id":45,"f":27}}}} | 26/12 3:33:34 am
{"g":{"fish":{"bullet":{"id":46,"x":422.5070729053318,"y":253.58977149075076}}}} | 26/12 3:33:35 am
{"g":{"fish":{"collision":{"id":46,"f":27}}}} | 26/12 3:33:35 am
{"g":{"fish":{"bullet":{"id":47,"x":242.04352557127322,"y":268.1294885745375}}}} | 26/12 3:33:35 am
{"g":{"fish":{"bullet":{"id":48,"x":230.0696409140371,"y":279.2480957562568}}}} | 26/12 3:33:35 am
{"g":{"fish":{"collision":{"id":47,"f":28}}}} | 26/12 3:33:35 am
{"g":{"fish":{"bullet":{"id":49,"x":191.58215451577803,"y":233.06311207834597}}}} | 26/12 3:33:35 am
{"g":{"fish":{"collision":{"id":48,"f":28}}}} | 26/12 3:33:35 am
{"g":{"fish":{"bullet":{"id":50,"x":191.58215451577803,"y":233.91838955386288}}}} | 26/12 3:33:35 am
{"g":{"fish":{"collision":{"id":49,"f":11}}}} | 26/12 3:33:35 am
{"g":{"fish":{"collision":{"id":50,"f":11}}}} | 26/12 3:33:36 am
{"g":{"fish":{"bullet":{"id":51,"x":308.75516866158864,"y":77.40261153427639}}}} | 26/12 3:33:36 am
{"g":{"fish":{"bullet":{"id":52,"x":315.5973884657237,"y":57.73122959738845}}}} | 26/12 3:33:36 am
{"g":{"fish":{"bullet":{"id":53,"x":448.1653971708379,"y":41.480957562567994}}}} | 26/12 3:33:36 am
{"g":{"fish":{"collision":{"id":51,"f":30}}}} | 26/12 3:33:36 am
{"g":{"fish":{"bullet":{"id":54,"x":555.9303590859631,"y":35.49401523394994}}}} | 26/12 3:33:37 am
{"g":{"fish":{"collision":{"id":52,"f":6}}}} | 26/12 3:33:37 am
{"g":{"fish":{"bullet":{"id":55,"x":556.7856365614797,"y":34.63873775843308}}}} | 26/12 3:33:37 am
{"g":{"fish":{"collision":{"id":53,"f":30}}}} | 26/12 3:33:37 am
{"g":{"fish":{"collision":{"id":54,"f":20}}}} | 26/12 3:33:37 am
{"g":{"fish":{"bullet":{"id":56,"x":584.1545157780196,"y":24.375408052230682}}}} | 26/12 3:33:37 am
{"g":{"fish":{"collision":{"id":55,"f":20}}}} | 26/12 3:33:37 am
{"g":{"fish":{"bullet":{"id":57,"x":587.575625680087,"y":8.125136017410227}}}} | 26/12 3:33:37 am
{"g":{"fish":{"collision":{"id":56,"f":20}}}} | 26/12 3:33:37 am
{"g":{"fish":{"bullet":{"id":58,"x":550.7986942328617,"y":-17.53318824809577}}}} | 26/12 3:33:37 am
{"g":{"fish":{"collision":{"id":58,"f":24}}}} | 26/12 3:33:38 am
{"g":{"fish":{"collision":{"id":57,"f":20}}}} | 26/12 3:33:38 am
{"g":{"fish":{"bullet":{"id":59,"x":584.1545157780196,"y":169.77257889009786}}}} | 26/12 3:33:38 am
{"g":{"fish":{"bullet":{"id":60,"x":622.6420021762784,"y":180.89118607181717}}}} | 26/12 3:33:38 am
{"g":{"fish":{"collision":{"id":59,"f":29}}}} | 26/12 3:33:38 am
{"g":{"fish":{"bullet":{"id":61,"x":613.233949945593,"y":103.06093579978233}}}} | 26/12 3:33:38 am
{"g":{"fish":{"collision":{"id":60,"f":29}}}} | 26/12 3:33:38 am
{"g":{"fish":{"collision":{"id":61,"f":24}}}} | 26/12 3:33:38 am
{"g":{"fish":{"bullet":{"id":62,"x":579.8781284004352,"y":50.889009793253535}}}} | 26/12 3:33:38 am
{"g":{"fish":{"collision":{"id":62,"f":24}}}} | 26/12 3:33:38 am
{"g":{"fish":{"bullet":{"id":63,"x":524.2850924918388,"y":52.59956474428725}}}} | 26/12 3:33:38 am
{"g":{"fish":{"bullet":{"id":64,"x":-208.6877040261154,"y":93.65288356909684}}}} | 26/12 3:33:39 am
{"g":{"fish":{"collision":{"id":64,"f":0}}}} | 26/12 3:33:39 am
{"g":{"fish":{"collision":{"id":63,"f":10}}}} | 26/12 3:33:39 am
{"g":{"fish":{"collision":{"id":63,"f":20}}}} | 26/12 3:33:39 am
{"g":{"fish":{"bullet":{"id":65,"x":-722.7094668117519,"y":93.65288356909684}}}} | 26/12 3:33:39 am
{"g":{"fish":{"bullet":{"id":66,"x":-626.0631120783461,"y":99.6398258977149}}}} | 26/12 3:33:39 am
{"g":{"fish":{"collision":{"id":65,"f":32}}}} | 26/12 3:33:39 am
{"g":{"fish":{"bullet":{"id":67,"x":-614.9445048966268,"y":119.31120783460278}}}} | 26/12 3:33:39 am
{"g":{"fish":{"collision":{"id":66,"f":22}}}} | 26/12 3:33:39 am
{"g":{"fish":{"collision":{"id":66,"f":33}}}} | 26/12 3:33:39 am
{"g":{"fish":{"collision":{"id":67,"f":33}}}} | 26/12 3:33:39 am
{"g":{"fish":{"outgame":true}}} | 26/12 3:33:42 am
{"scene":"home"} | 26/12 3:33:44 am
{"taixiu":{"view":true}} | 26/12 3:33:47 am
{"taixiu":{"view":false}} | 26/12 3:34:21 am
{"taixiu":{"view":true}} | 26/12 3:34:30 am
{"taixiu":{"view":false}} | 26/12 3:34:32 am
{"shop":{"bank":{"list":true}}} | 26/12 3:34:55 am
{"shop":{"bank":{"list":true}}} | 26/12 3:34:55 am
{"captcha":"chargeCard"} | 26/12 3:34:56 am
{"shop":{"info_nap":true}} | 26/12 3:34:56 am
{"shop":{"wallet":{"gate":"momo"}}} | 26/12 3:34:56 am
{"shop":{"bank":{"list":true}}} | 26/12 3:34:57 am
{"user":{"update_device":{"is_browser":true,"os":"Windows"},"ip":"113.187.29.112"}} | 26/12 8:56:25 pm
{"user":{"update_device":{"is_browser":true,"os":"Windows"},"ip":"113.187.29.112"}} | 26/12 8:56:25 pm
{"taixiu":{"view":true,"getLogs":true}} | 26/12 8:56:27 pm
{"shop":{"get_daily":true}} | 26/12 8:56:35 pm
{"taixiu":{"getLogChat":true}} | 26/12 8:56:35 pm
{"taixiu":{"cuoc":{"red":true,"taixiu":true,"select":false,"bet":10000000}}} | 26/12 8:56:39 pm
{"user":{"updateCoint":true}} | 26/12 8:56:39 pm
{"taixiu":{"get_new":true}} | 26/12 8:57:39 pm
{"taixiu":{"get_top":{"red":true,"taixiu":true}}} | 26/12 8:57:50 pm
{"taixiu":{"get_top":{"red":true,"taixiu":true}}} | 26/12 8:57:51 pm
{"taixiu":{"get_log":{"page":1}}} | 26/12 8:57:54 pm
{"taixiu":{"cuoc":{"red":true,"taixiu":true,"select":false,"bet":10000000}}} | 26/12 8:58:03 pm
{"user":{"updateCoint":true}} | 26/12 8:58:03 pm
{"taixiu":{"get_log":{"page":1}}} | 26/12 8:58:05 pm
{"taixiu":{"get_new":true}} | 26/12 8:58:55 pm
{"taixiu":{"view":false}} | 26/12 8:59:00 pm
{"user":{"update_device":{"is_browser":true,"os":"Windows"},"ip":"113.187.29.112"}} | 26/12 9:21:05 pm
{"user":{"update_device":{"is_browser":true,"os":"Windows"},"ip":"113.187.29.112"}} | 26/12 9:21:05 pm
{"taixiu":{"view":true,"getLogs":true}} | 26/12 9:21:11 pm
{"shop":{"get_daily":true}} | 26/12 9:21:13 pm
{"taixiu":{"getLogChat":true}} | 26/12 9:21:13 pm
{"taixiu":{"cuoc":{"red":true,"taixiu":true,"select":false,"bet":10000000}}} | 26/12 9:21:21 pm
{"user":{"updateCoint":true}} | 26/12 9:21:21 pm
{"taixiu":{"get_log":{"page":1}}} | 26/12 9:21:56 pm
{"taixiu":{"get_new":true}} | 26/12 9:22:22 pm
{"taixiu":{"cuoc":{"red":true,"taixiu":true,"select":false,"bet":10000000}}} | 26/12 9:22:43 pm
{"user":{"updateCoint":true}} | 26/12 9:22:43 pm
{"taixiu":{"get_log":{"page":1}}} | 26/12 9:22:45 pm
{"taixiu":{"get_new":true}} | 26/12 9:23:38 pm
{"taixiu":{"view":true,"getLogs":true}} | 26/12 11:13:49 pm
{"taixiu":{"cuoc":{"red":true,"taixiu":true,"select":false,"bet":50000}}} | 26/12 11:14:26 pm
{"user":{"updateCoint":true}} | 26/12 11:14:26 pm
{"shop":{"get_daily":true}} | 26/12 11:14:57 pm
{"taixiu":{"getLogChat":true}} | 26/12 11:14:57 pm
{"taixiu":{"cuoc":{"red":true,"taixiu":true,"select":false,"bet":50000000}}} | 26/12 11:15:00 pm
{"user":{"updateCoint":true}} | 26/12 11:15:00 pm
{"taixiu":{"cuoc":{"red":true,"taixiu":true,"select":false,"bet":30000000}}} | 26/12 11:15:03 pm
{"user":{"updateCoint":true}} | 26/12 11:15:03 pm
{"taixiu":{"get_new":true}} | 26/12 11:15:23 pm
{"user":{"update_device":{"is_browser":true,"os":"Windows"},"ip":"113.187.29.112"}} | 26/12 11:32:04 pm
{"user":{"update_device":{"is_browser":true,"os":"Windows"},"ip":"113.187.29.112"}} | 26/12 11:32:04 pm
{"user":{"update_device":{"is_browser":true,"os":"Windows"},"ip":"113.187.29.112"}} | 26/12 11:33:12 pm
{"user":{"update_device":{"is_browser":true,"os":"Windows"},"ip":"113.187.29.112"}} | 26/12 11:33:13 pm
{"taixiu":{"view":true,"getLogs":true}} | 26/12 11:36:28 pm
{"taixiu":{"cuoc":{"red":true,"taixiu":true,"select":false,"bet":50000000}}} | 26/12 11:36:31 pm
{"user":{"updateCoint":true}} | 26/12 11:36:31 pm
{"taixiu":{"cuoc":{"red":true,"taixiu":true,"select":false,"bet":20000000}}} | 26/12 11:36:35 pm
{"user":{"updateCoint":true}} | 26/12 11:36:35 pm
{"taixiu":{"cuoc":{"red":true,"taixiu":true,"select":false,"bet":15000000}}} | 26/12 11:36:37 pm
{"user":{"updateCoint":true}} | 26/12 11:36:37 pm
{"shop":{"get_daily":true}} | 26/12 11:36:38 pm
{"taixiu":{"getLogChat":true}} | 26/12 11:36:38 pm
{"taixiu":{"get_new":true}} | 26/12 11:36:48 pm
{"taixiu":{"cuoc":{"red":true,"taixiu":true,"select":false,"bet":20000000}}} | 26/12 11:45:00 pm
{"user":{"updateCoint":true}} | 26/12 11:45:00 pm
{"taixiu":{"get_new":true}} | 26/12 11:45:46 pm
{"taixiu":{"cuoc":{"red":true,"taixiu":true,"select":false,"bet":50000000}}} | 26/12 11:46:05 pm
{"user":{"updateCoint":true}} | 26/12 11:46:05 pm
{"taixiu":{"cuoc":{"red":true,"taixiu":true,"select":false,"bet":30000}}} | 26/12 11:46:10 pm
{"user":{"updateCoint":true}} | 26/12 11:46:10 pm
{"taixiu":{"get_new":true}} | 26/12 11:47:02 pm
{"taixiu":{"cuoc":{"red":true,"taixiu":true,"select":false,"bet":20000}}} | 26/12 11:47:44 pm
{"user":{"updateCoint":true}} | 26/12 11:47:44 pm
{"taixiu":{"get_new":true}} | 26/12 11:48:19 pm
{"taixiu":{"cuoc":{"red":true,"taixiu":true,"select":false,"bet":150000}}} | 26/12 11:48:39 pm
{"user":{"updateCoint":true}} | 26/12 11:48:39 pm
{"taixiu":{"get_new":true}} | 26/12 11:49:36 pm
{"taixiu":{"cuoc":{"red":true,"taixiu":true,"select":false,"bet":50000}}} | 26/12 11:50:00 pm
{"user":{"updateCoint":true}} | 26/12 11:50:00 pm
{"taixiu":{"get_new":true}} | 26/12 11:50:53 pm
{"taixiu":{"view":false}} | 26/12 11:58:27 pm
{"nhiemvu":100} | 26/12 11:58:30 pm
{"nhanthuong":{"id":102,"tennv":"Tài Xỉu","noidung":"Thắng 1 ván tài xỉu tối thiếu 100.000","phanthuong":"10000","dieukien":"100000"}} | 26/12 11:58:32 pm
{"taixiu":{"view":true}} | 26/12 11:58:34 pm
{"taixiu":{"view":false}} | 26/12 11:58:37 pm
